10:38:08.226 [main] INFO  com.nagarro.nagp.appium.baseClass.BaseClass - Starting scenario: To validate that fade in animation page is displayed
10:38:08.229 [main] INFO  com.nagarro.nagp.appium.baseClass.BaseClass - Going to set the desired capabilities on the server
10:38:08.236 [main] INFO  com.nagarro.nagp.appium.baseClass.BaseClass - Appium Driver initialized successfully
10:38:19.543 [main] INFO  com.nagarro.nagp.appium.baseClass.BaseClass - Entered into selectAndroidUIDesign method
10:38:25.273 [main] INFO  com.nagarro.nagp.appium.baseClass.BaseClass - androidUiDesignBtn button is going to be clicked
10:38:25.348 [main] INFO  com.nagarro.nagp.appium.baseClass.BaseClass - androidUiDesignBtn button  clicked
10:38:25.348 [main] INFO  com.nagarro.nagp.appium.baseClass.BaseClass - Entered into clickAnimationSubMenu method
10:38:26.848 [main] INFO  com.nagarro.nagp.appium.baseClass.BaseClass - Going to click animation sub menu button
10:38:27.722 [main] INFO  com.nagarro.nagp.appium.baseClass.BaseClass - Entered into isFadeInAnimationsListDisplayed method
10:38:28.795 [main] INFO  com.nagarro.nagp.appium.baseClass.BaseClass - fade in animation button is displayed
10:38:28.892 [main] INFO  com.nagarro.nagp.appium.baseClass.BaseClass - Going to click fade in animation button
10:38:29.078 [main] INFO  com.nagarro.nagp.appium.baseClass.BaseClass - Quitting the driver after scenario: To validate that fade in animation page is displayed
10:38:29.688 [main] INFO  com.nagarro.nagp.appium.baseClass.BaseClass - Starting scenario: To validate that user can see all the view flow options on the app
10:38:29.688 [main] INFO  com.nagarro.nagp.appium.baseClass.BaseClass - Going to set the desired capabilities on the server
10:38:29.689 [main] INFO  com.nagarro.nagp.appium.baseClass.BaseClass - Appium Driver initialized successfully
10:38:38.248 [main] INFO  com.nagarro.nagp.appium.baseClass.BaseClass - Entered into selectAndroidUIDesign method
10:38:44.366 [main] INFO  com.nagarro.nagp.appium.baseClass.BaseClass - androidUiDesignBtn button is going to be clicked
10:38:44.452 [main] INFO  com.nagarro.nagp.appium.baseClass.BaseClass - androidUiDesignBtn button  clicked
10:38:44.452 [main] INFO  com.nagarro.nagp.appium.baseClass.BaseClass - Entered into clickViewFlowSubMenu method
10:38:44.452 [main] INFO  com.nagarro.nagp.appium.baseClass.BaseClass - Going to click list view flow sub menu button
10:38:46.834 [main] INFO  com.nagarro.nagp.appium.baseClass.BaseClass - clicked view flow ub menu button
10:38:46.837 [main] INFO  com.nagarro.nagp.appium.baseClass.BaseClass - Entered into isAllViewFlowbtnDisplayed method
10:38:47.033 [main] INFO  com.nagarro.nagp.appium.baseClass.BaseClass - Quitting the driver after scenario: To validate that user can see all the view flow options on the app
10:38:48.053 [main] INFO  com.nagarro.nagp.appium.baseClass.BaseClass - Starting scenario: To validate that application home page is displayed
10:38:48.054 [main] INFO  com.nagarro.nagp.appium.baseClass.BaseClass - Going to set the desired capabilities on the server
10:38:48.054 [main] INFO  com.nagarro.nagp.appium.baseClass.BaseClass - Appium Driver initialized successfully
10:38:56.741 [main] INFO  com.nagarro.nagp.appium.baseClass.BaseClass - Entered into isHomePageDisplayed method
10:39:03.291 [main] INFO  com.nagarro.nagp.appium.baseClass.BaseClass - welcome text message is displayed
10:39:03.437 [main] INFO  com.nagarro.nagp.appium.baseClass.BaseClass - Quitting the driver after scenario: To validate that application home page is displayed
10:39:04.235 [main] INFO  com.nagarro.nagp.appium.baseClass.BaseClass - Starting scenario: To validate that application can be closed
10:39:04.235 [main] INFO  com.nagarro.nagp.appium.baseClass.BaseClass - Going to set the desired capabilities on the server
10:39:04.235 [main] INFO  com.nagarro.nagp.appium.baseClass.BaseClass - Appium Driver initialized successfully
10:39:13.127 [main] INFO  com.nagarro.nagp.appium.baseClass.BaseClass - Entered into closeApp method
10:39:19.875 [main] INFO  com.nagarro.nagp.appium.baseClass.BaseClass - Going to click option button
10:39:20.040 [main] INFO  com.nagarro.nagp.appium.baseClass.BaseClass - option button is clicked
10:39:21.245 [main] INFO  com.nagarro.nagp.appium.baseClass.BaseClass - going to click on exit button  
10:39:22.238 [main] INFO  com.nagarro.nagp.appium.baseClass.BaseClass - exit  button is clicked
10:39:22.239 [main] INFO  com.nagarro.nagp.appium.baseClass.BaseClass - Quitting the driver after scenario: To validate that application can be closed
10:39:22.866 [main] INFO  com.nagarro.nagp.appium.baseClass.BaseClass - Starting scenario: To validate that user can see PopUp menu item
10:39:22.866 [main] INFO  com.nagarro.nagp.appium.baseClass.BaseClass - Going to set the desired capabilities on the server
10:39:22.867 [main] INFO  com.nagarro.nagp.appium.baseClass.BaseClass - Appium Driver initialized successfully
10:39:29.598 [main] INFO  com.nagarro.nagp.appium.baseClass.BaseClass - Entered into selectAndroidUIDesign method
10:39:36.035 [main] INFO  com.nagarro.nagp.appium.baseClass.BaseClass - androidUiDesignBtn button is going to be clicked
10:39:36.109 [main] INFO  com.nagarro.nagp.appium.baseClass.BaseClass - androidUiDesignBtn button  clicked
10:39:36.109 [main] INFO  com.nagarro.nagp.appium.baseClass.BaseClass - Entered into clickPopUpSubMenu method
10:39:37.274 [main] INFO  com.nagarro.nagp.appium.baseClass.BaseClass - Going to click pop-up sub menu button
10:39:38.529 [main] INFO  com.nagarro.nagp.appium.baseClass.BaseClass - popup menu option is clicked
10:39:38.536 [main] INFO  com.nagarro.nagp.appium.baseClass.BaseClass - Entered into isPopUpOptionsDisplayed method
10:39:39.045 [main] INFO  com.nagarro.nagp.appium.baseClass.BaseClass - Both popup options are displayed
10:39:39.047 [main] INFO  com.nagarro.nagp.appium.baseClass.BaseClass - Entered into selectPopUpMenuOption method
10:39:39.234 [main] INFO  com.nagarro.nagp.appium.baseClass.BaseClass - Going to click on pop-up option button
10:39:39.327 [main] INFO  com.nagarro.nagp.appium.baseClass.BaseClass - clicked on pop-up option 
10:39:40.366 [main] INFO  com.nagarro.nagp.appium.baseClass.BaseClass - Entered into isMusicPlayerItemsDisplayed method
10:39:41.760 [main] INFO  com.nagarro.nagp.appium.baseClass.BaseClass - Quitting the driver after scenario: To validate that user can see PopUp menu item
10:39:46.889 [main] INFO  com.nagarro.nagp.appium.baseClass.BaseClass - Starting scenario: To validate that user can search a country from the list
10:39:46.889 [main] INFO  com.nagarro.nagp.appium.baseClass.BaseClass - Going to set the desired capabilities on the server
10:39:46.889 [main] INFO  com.nagarro.nagp.appium.baseClass.BaseClass - Appium Driver initialized successfully
10:40:00.257 [main] INFO  com.nagarro.nagp.appium.baseClass.BaseClass - Starting scenario: To validate that user can search a country from the list
10:40:00.257 [main] INFO  com.nagarro.nagp.appium.baseClass.BaseClass - Going to set the desired capabilities on the server
10:40:00.257 [main] INFO  com.nagarro.nagp.appium.baseClass.BaseClass - Appium Driver initialized successfully
10:42:58.532 [main] INFO  com.nagarro.nagp.appium.baseClass.BaseClass - Starting scenario: To validate that fade in animation page is displayed
10:42:58.535 [main] INFO  com.nagarro.nagp.appium.baseClass.BaseClass - Going to set the desired capabilities on the server
10:42:58.548 [main] INFO  com.nagarro.nagp.appium.baseClass.BaseClass - Appium Driver initialized successfully
10:43:09.673 [main] INFO  com.nagarro.nagp.appium.baseClass.BaseClass - Entered into selectAndroidUIDesign method
10:43:15.762 [main] INFO  com.nagarro.nagp.appium.baseClass.BaseClass - androidUiDesignBtn button is going to be clicked
10:43:15.854 [main] INFO  com.nagarro.nagp.appium.baseClass.BaseClass - androidUiDesignBtn button  clicked
10:43:15.854 [main] INFO  com.nagarro.nagp.appium.baseClass.BaseClass - Entered into clickAnimationSubMenu method
10:43:17.876 [main] INFO  com.nagarro.nagp.appium.baseClass.BaseClass - Going to click animation sub menu button
10:43:19.520 [main] INFO  com.nagarro.nagp.appium.baseClass.BaseClass - Entered into isFadeInAnimationsListDisplayed method
10:43:20.184 [main] INFO  com.nagarro.nagp.appium.baseClass.BaseClass - fade in animation button is displayed
10:43:20.311 [main] INFO  com.nagarro.nagp.appium.baseClass.BaseClass - Going to click fade in animation button
10:43:21.200 [main] INFO  com.nagarro.nagp.appium.baseClass.BaseClass - Quitting the driver after scenario: To validate that fade in animation page is displayed
10:43:22.420 [main] INFO  com.nagarro.nagp.appium.baseClass.BaseClass - Starting scenario: To validate that user can see all the view flow options on the app
10:43:22.421 [main] INFO  com.nagarro.nagp.appium.baseClass.BaseClass - Going to set the desired capabilities on the server
10:43:22.421 [main] INFO  com.nagarro.nagp.appium.baseClass.BaseClass - Appium Driver initialized successfully
10:43:31.346 [main] INFO  com.nagarro.nagp.appium.baseClass.BaseClass - Entered into selectAndroidUIDesign method
10:43:37.997 [main] INFO  com.nagarro.nagp.appium.baseClass.BaseClass - androidUiDesignBtn button is going to be clicked
10:43:38.226 [main] INFO  com.nagarro.nagp.appium.baseClass.BaseClass - androidUiDesignBtn button  clicked
10:43:38.226 [main] INFO  com.nagarro.nagp.appium.baseClass.BaseClass - Entered into clickViewFlowSubMenu method
10:43:38.226 [main] INFO  com.nagarro.nagp.appium.baseClass.BaseClass - Going to click list view flow sub menu button
10:43:40.613 [main] INFO  com.nagarro.nagp.appium.baseClass.BaseClass - clicked view flow ub menu button
10:43:40.614 [main] INFO  com.nagarro.nagp.appium.baseClass.BaseClass - Entered into isAllViewFlowbtnDisplayed method
10:43:40.763 [main] INFO  com.nagarro.nagp.appium.baseClass.BaseClass - Quitting the driver after scenario: To validate that user can see all the view flow options on the app
10:43:41.712 [main] INFO  com.nagarro.nagp.appium.baseClass.BaseClass - Starting scenario: To validate that application home page is displayed
10:43:41.712 [main] INFO  com.nagarro.nagp.appium.baseClass.BaseClass - Going to set the desired capabilities on the server
10:43:41.713 [main] INFO  com.nagarro.nagp.appium.baseClass.BaseClass - Appium Driver initialized successfully
10:43:49.167 [main] INFO  com.nagarro.nagp.appium.baseClass.BaseClass - Entered into isHomePageDisplayed method
10:43:55.668 [main] INFO  com.nagarro.nagp.appium.baseClass.BaseClass - welcome text message is displayed
10:43:55.762 [main] INFO  com.nagarro.nagp.appium.baseClass.BaseClass - Quitting the driver after scenario: To validate that application home page is displayed
10:43:56.307 [main] INFO  com.nagarro.nagp.appium.baseClass.BaseClass - Starting scenario: To validate that application can be closed
10:43:56.308 [main] INFO  com.nagarro.nagp.appium.baseClass.BaseClass - Going to set the desired capabilities on the server
10:43:56.308 [main] INFO  com.nagarro.nagp.appium.baseClass.BaseClass - Appium Driver initialized successfully
10:44:02.707 [main] INFO  com.nagarro.nagp.appium.baseClass.BaseClass - Entered into closeApp method
10:44:09.393 [main] INFO  com.nagarro.nagp.appium.baseClass.BaseClass - Going to click option button
10:44:09.505 [main] INFO  com.nagarro.nagp.appium.baseClass.BaseClass - option button is clicked
10:44:10.755 [main] INFO  com.nagarro.nagp.appium.baseClass.BaseClass - going to click on exit button  
10:44:11.697 [main] INFO  com.nagarro.nagp.appium.baseClass.BaseClass - exit  button is clicked
10:44:11.699 [main] INFO  com.nagarro.nagp.appium.baseClass.BaseClass - Quitting the driver after scenario: To validate that application can be closed
10:44:12.258 [main] INFO  com.nagarro.nagp.appium.baseClass.BaseClass - Starting scenario: To validate that user can see PopUp menu item
10:44:12.259 [main] INFO  com.nagarro.nagp.appium.baseClass.BaseClass - Going to set the desired capabilities on the server
10:44:12.259 [main] INFO  com.nagarro.nagp.appium.baseClass.BaseClass - Appium Driver initialized successfully
10:44:19.601 [main] INFO  com.nagarro.nagp.appium.baseClass.BaseClass - Entered into selectAndroidUIDesign method
10:44:26.213 [main] INFO  com.nagarro.nagp.appium.baseClass.BaseClass - androidUiDesignBtn button is going to be clicked
10:44:26.327 [main] INFO  com.nagarro.nagp.appium.baseClass.BaseClass - androidUiDesignBtn button  clicked
10:44:26.327 [main] INFO  com.nagarro.nagp.appium.baseClass.BaseClass - Entered into clickPopUpSubMenu method
10:44:27.838 [main] INFO  com.nagarro.nagp.appium.baseClass.BaseClass - Going to click pop-up sub menu button
10:44:29.185 [main] INFO  com.nagarro.nagp.appium.baseClass.BaseClass - popup menu option is clicked
10:44:29.189 [main] INFO  com.nagarro.nagp.appium.baseClass.BaseClass - Entered into isPopUpOptionsDisplayed method
10:44:29.786 [main] INFO  com.nagarro.nagp.appium.baseClass.BaseClass - Both popup options are displayed
10:44:29.790 [main] INFO  com.nagarro.nagp.appium.baseClass.BaseClass - Entered into selectPopUpMenuOption method
10:44:29.972 [main] INFO  com.nagarro.nagp.appium.baseClass.BaseClass - Going to click on pop-up option button
10:44:30.097 [main] INFO  com.nagarro.nagp.appium.baseClass.BaseClass - clicked on pop-up option 
10:44:31.282 [main] INFO  com.nagarro.nagp.appium.baseClass.BaseClass - Entered into isMusicPlayerItemsDisplayed method
10:44:32.399 [main] INFO  com.nagarro.nagp.appium.baseClass.BaseClass - Quitting the driver after scenario: To validate that user can see PopUp menu item
10:44:33.279 [main] INFO  com.nagarro.nagp.appium.baseClass.BaseClass - Starting scenario: To validate that user can search a country from the list
10:44:33.280 [main] INFO  com.nagarro.nagp.appium.baseClass.BaseClass - Going to set the desired capabilities on the server
10:44:33.280 [main] INFO  com.nagarro.nagp.appium.baseClass.BaseClass - Appium Driver initialized successfully
10:44:40.273 [main] INFO  com.nagarro.nagp.appium.baseClass.BaseClass - Entered into selectAndroidUIDesign method
10:44:47.028 [main] INFO  com.nagarro.nagp.appium.baseClass.BaseClass - androidUiDesignBtn button is going to be clicked
10:44:47.182 [main] INFO  com.nagarro.nagp.appium.baseClass.BaseClass - androidUiDesignBtn button  clicked
10:44:47.182 [main] INFO  com.nagarro.nagp.appium.baseClass.BaseClass - Entered into clickListViewSubMenu method
10:44:49.114 [main] INFO  com.nagarro.nagp.appium.baseClass.BaseClass - Going to click list view sub menu button
10:44:50.598 [main] INFO  com.nagarro.nagp.appium.baseClass.BaseClass - clicked list view sub menu button
10:44:50.598 [main] INFO  com.nagarro.nagp.appium.baseClass.BaseClass - Entered into isSearchableListViewDisplayed method
10:44:51.530 [main] INFO  com.nagarro.nagp.appium.baseClass.BaseClass - going to click searchable list view button
10:44:51.736 [main] INFO  com.nagarro.nagp.appium.baseClass.BaseClass -  searchable list view button is clicked
10:44:51.739 [main] INFO  com.nagarro.nagp.appium.baseClass.BaseClass - Entered into isAbleToSearchCountry method for :India
10:44:53.041 [main] INFO  com.nagarro.nagp.appium.baseClass.BaseClass - Going to click search country button
10:44:53.136 [main] INFO  com.nagarro.nagp.appium.baseClass.BaseClass - going to enter country name India
10:44:55.628 [main] INFO  com.nagarro.nagp.appium.baseClass.BaseClass - country name India is entered
10:44:56.663 [main] INFO  com.nagarro.nagp.appium.baseClass.BaseClass - Entered country India is same as expected
10:44:57.556 [main] INFO  com.nagarro.nagp.appium.baseClass.BaseClass - Entered into closeApp method
10:44:59.855 [main] INFO  com.nagarro.nagp.appium.baseClass.BaseClass - Going to click option button
10:45:01.008 [main] INFO  com.nagarro.nagp.appium.baseClass.BaseClass - option button is clicked
10:45:02.397 [main] INFO  com.nagarro.nagp.appium.baseClass.BaseClass - going to click on exit button  
10:45:02.705 [main] INFO  com.nagarro.nagp.appium.baseClass.BaseClass - exit  button is clicked
10:45:02.706 [main] INFO  com.nagarro.nagp.appium.baseClass.BaseClass - Quitting the driver after scenario: To validate that user can search a country from the list
10:45:05.621 [main] INFO  com.nagarro.nagp.appium.baseClass.BaseClass - Starting scenario: To validate that user can search a country from the list
10:45:05.623 [main] INFO  com.nagarro.nagp.appium.baseClass.BaseClass - Going to set the desired capabilities on the server
10:45:05.623 [main] INFO  com.nagarro.nagp.appium.baseClass.BaseClass - Appium Driver initialized successfully
10:45:16.619 [main] INFO  com.nagarro.nagp.appium.baseClass.BaseClass - Entered into selectAndroidUIDesign method
10:45:23.333 [main] INFO  com.nagarro.nagp.appium.baseClass.BaseClass - androidUiDesignBtn button is going to be clicked
10:45:23.474 [main] INFO  com.nagarro.nagp.appium.baseClass.BaseClass - androidUiDesignBtn button  clicked
10:45:23.475 [main] INFO  com.nagarro.nagp.appium.baseClass.BaseClass - Entered into clickListViewSubMenu method
10:45:26.546 [main] INFO  com.nagarro.nagp.appium.baseClass.BaseClass - Going to click list view sub menu button
10:45:28.480 [main] INFO  com.nagarro.nagp.appium.baseClass.BaseClass - clicked list view sub menu button
10:45:28.480 [main] INFO  com.nagarro.nagp.appium.baseClass.BaseClass - Entered into isSearchableListViewDisplayed method
10:45:29.963 [main] INFO  com.nagarro.nagp.appium.baseClass.BaseClass - going to click searchable list view button
10:45:30.249 [main] INFO  com.nagarro.nagp.appium.baseClass.BaseClass -  searchable list view button is clicked
10:45:30.251 [main] INFO  com.nagarro.nagp.appium.baseClass.BaseClass - Entered into isAbleToSearchCountry method for :Canada
10:45:32.146 [main] INFO  com.nagarro.nagp.appium.baseClass.BaseClass - Going to click search country button
10:45:32.295 [main] INFO  com.nagarro.nagp.appium.baseClass.BaseClass - going to enter country name Canada
10:45:34.756 [main] INFO  com.nagarro.nagp.appium.baseClass.BaseClass - country name Canada is entered
10:45:35.863 [main] INFO  com.nagarro.nagp.appium.baseClass.BaseClass - Entered country Canada is same as expected
10:45:37.790 [main] INFO  com.nagarro.nagp.appium.baseClass.BaseClass - Entered into closeApp method
10:45:38.417 [main] INFO  com.nagarro.nagp.appium.baseClass.BaseClass - Going to click option button
10:45:38.632 [main] INFO  com.nagarro.nagp.appium.baseClass.BaseClass - option button is clicked
10:45:40.046 [main] INFO  com.nagarro.nagp.appium.baseClass.BaseClass - going to click on exit button  
10:45:40.308 [main] INFO  com.nagarro.nagp.appium.baseClass.BaseClass - exit  button is clicked
10:45:40.310 [main] INFO  com.nagarro.nagp.appium.baseClass.BaseClass - Quitting the driver after scenario: To validate that user can search a country from the list
11:02:51.021 [main] INFO  com.nagarro.nagp.appium.baseClass.BaseClass - Starting scenario: To validate that fade in animation page is displayed
11:02:51.024 [main] INFO  com.nagarro.nagp.appium.baseClass.BaseClass - Going to set the desired capabilities on the server
11:02:51.032 [main] INFO  com.nagarro.nagp.appium.baseClass.BaseClass - Appium Driver initialized successfully
11:03:00.479 [main] INFO  com.nagarro.nagp.appium.baseClass.BaseClass - Entered into selectAndroidUIDesign method
11:03:06.299 [main] INFO  com.nagarro.nagp.appium.baseClass.BaseClass - androidUiDesignBtn button is going to be clicked
11:03:06.464 [main] INFO  com.nagarro.nagp.appium.baseClass.BaseClass - androidUiDesignBtn button  clicked
11:03:06.464 [main] INFO  com.nagarro.nagp.appium.baseClass.BaseClass - Entered into clickAnimationSubMenu method
11:03:09.670 [main] INFO  com.nagarro.nagp.appium.baseClass.BaseClass - Going to click animation sub menu button
11:03:11.878 [main] INFO  com.nagarro.nagp.appium.baseClass.BaseClass - Entered into isFadeInAnimationsListDisplayed method
11:03:13.160 [main] INFO  com.nagarro.nagp.appium.baseClass.BaseClass - fade in animation button is displayed
11:03:13.407 [main] INFO  com.nagarro.nagp.appium.baseClass.BaseClass - Going to click fade in animation button
11:03:13.739 [main] INFO  com.nagarro.nagp.appium.baseClass.BaseClass - Quitting the driver after scenario: To validate that fade in animation page is displayed
11:03:15.606 [main] INFO  com.nagarro.nagp.appium.baseClass.BaseClass - Starting scenario: To validate that user can see all the view flow options on the app
11:03:15.608 [main] INFO  com.nagarro.nagp.appium.baseClass.BaseClass - Going to set the desired capabilities on the server
11:03:15.608 [main] INFO  com.nagarro.nagp.appium.baseClass.BaseClass - Appium Driver initialized successfully
11:03:28.143 [main] INFO  com.nagarro.nagp.appium.baseClass.BaseClass - Entered into selectAndroidUIDesign method
11:03:35.261 [main] INFO  com.nagarro.nagp.appium.baseClass.BaseClass - androidUiDesignBtn button is going to be clicked
11:03:35.409 [main] INFO  com.nagarro.nagp.appium.baseClass.BaseClass - androidUiDesignBtn button  clicked
11:03:35.409 [main] INFO  com.nagarro.nagp.appium.baseClass.BaseClass - Entered into clickViewFlowSubMenu method
11:03:35.410 [main] INFO  com.nagarro.nagp.appium.baseClass.BaseClass - Going to click list view flow sub menu button
11:03:38.704 [main] INFO  com.nagarro.nagp.appium.baseClass.BaseClass - clicked view flow ub menu button
11:03:38.708 [main] INFO  com.nagarro.nagp.appium.baseClass.BaseClass - Entered into isAllViewFlowbtnDisplayed method
11:03:39.269 [main] INFO  com.nagarro.nagp.appium.baseClass.BaseClass - Quitting the driver after scenario: To validate that user can see all the view flow options on the app
11:03:41.296 [main] INFO  com.nagarro.nagp.appium.baseClass.BaseClass - Starting scenario: To validate that application home page is displayed
11:03:41.296 [main] INFO  com.nagarro.nagp.appium.baseClass.BaseClass - Going to set the desired capabilities on the server
11:03:41.296 [main] INFO  com.nagarro.nagp.appium.baseClass.BaseClass - Appium Driver initialized successfully
11:03:55.004 [main] INFO  com.nagarro.nagp.appium.baseClass.BaseClass - Entered into isHomePageDisplayed method
11:04:01.839 [main] INFO  com.nagarro.nagp.appium.baseClass.BaseClass - welcome text message is displayed
11:04:02.061 [main] INFO  com.nagarro.nagp.appium.baseClass.BaseClass - Quitting the driver after scenario: To validate that application home page is displayed
11:04:03.517 [main] INFO  com.nagarro.nagp.appium.baseClass.BaseClass - Starting scenario: To validate that application can be closed
11:04:03.518 [main] INFO  com.nagarro.nagp.appium.baseClass.BaseClass - Going to set the desired capabilities on the server
11:04:03.519 [main] INFO  com.nagarro.nagp.appium.baseClass.BaseClass - Appium Driver initialized successfully
11:04:15.041 [main] INFO  com.nagarro.nagp.appium.baseClass.BaseClass - Entered into closeApp method
11:04:21.909 [main] INFO  com.nagarro.nagp.appium.baseClass.BaseClass - Going to click option button
11:04:22.204 [main] INFO  com.nagarro.nagp.appium.baseClass.BaseClass - option button is clicked
11:04:23.513 [main] INFO  com.nagarro.nagp.appium.baseClass.BaseClass - going to click on exit button  
11:04:23.818 [main] INFO  com.nagarro.nagp.appium.baseClass.BaseClass - exit  button is clicked
11:04:23.820 [main] INFO  com.nagarro.nagp.appium.baseClass.BaseClass - Quitting the driver after scenario: To validate that application can be closed
11:04:25.206 [main] INFO  com.nagarro.nagp.appium.baseClass.BaseClass - Starting scenario: To validate that user can see PopUp menu item
11:04:25.206 [main] INFO  com.nagarro.nagp.appium.baseClass.BaseClass - Going to set the desired capabilities on the server
11:04:25.207 [main] INFO  com.nagarro.nagp.appium.baseClass.BaseClass - Appium Driver initialized successfully
11:04:34.125 [main] INFO  com.nagarro.nagp.appium.baseClass.BaseClass - Entered into selectAndroidUIDesign method
11:04:40.740 [main] INFO  com.nagarro.nagp.appium.baseClass.BaseClass - androidUiDesignBtn button is going to be clicked
11:04:40.926 [main] INFO  com.nagarro.nagp.appium.baseClass.BaseClass - androidUiDesignBtn button  clicked
11:04:40.926 [main] INFO  com.nagarro.nagp.appium.baseClass.BaseClass - Entered into clickPopUpSubMenu method
11:04:43.192 [main] INFO  com.nagarro.nagp.appium.baseClass.BaseClass - Going to click pop-up sub menu button
11:04:44.802 [main] INFO  com.nagarro.nagp.appium.baseClass.BaseClass - popup menu option is clicked
11:04:44.808 [main] INFO  com.nagarro.nagp.appium.baseClass.BaseClass - Entered into isPopUpOptionsDisplayed method
11:04:45.721 [main] INFO  com.nagarro.nagp.appium.baseClass.BaseClass - Both popup options are displayed
11:04:45.723 [main] INFO  com.nagarro.nagp.appium.baseClass.BaseClass - Entered into selectPopUpMenuOption method
11:04:46.039 [main] INFO  com.nagarro.nagp.appium.baseClass.BaseClass - Going to click on pop-up option button
11:04:46.249 [main] INFO  com.nagarro.nagp.appium.baseClass.BaseClass - clicked on pop-up option 
11:04:47.590 [main] INFO  com.nagarro.nagp.appium.baseClass.BaseClass - Entered into isMusicPlayerItemsDisplayed method
11:04:48.996 [main] INFO  com.nagarro.nagp.appium.baseClass.BaseClass - Quitting the driver after scenario: To validate that user can see PopUp menu item
11:04:50.482 [main] INFO  com.nagarro.nagp.appium.baseClass.BaseClass - Starting scenario: To validate that user can search a country from the list
11:04:50.483 [main] INFO  com.nagarro.nagp.appium.baseClass.BaseClass - Going to set the desired capabilities on the server
11:04:50.483 [main] INFO  com.nagarro.nagp.appium.baseClass.BaseClass - Appium Driver initialized successfully
11:04:58.385 [main] INFO  com.nagarro.nagp.appium.baseClass.BaseClass - Entered into selectAndroidUIDesign method
11:05:04.899 [main] INFO  com.nagarro.nagp.appium.baseClass.BaseClass - androidUiDesignBtn button is going to be clicked
11:05:04.986 [main] INFO  com.nagarro.nagp.appium.baseClass.BaseClass - androidUiDesignBtn button  clicked
11:05:04.986 [main] INFO  com.nagarro.nagp.appium.baseClass.BaseClass - Entered into clickListViewSubMenu method
11:05:06.477 [main] INFO  com.nagarro.nagp.appium.baseClass.BaseClass - Going to click list view sub menu button
11:05:07.904 [main] INFO  com.nagarro.nagp.appium.baseClass.BaseClass - clicked list view sub menu button
11:05:07.905 [main] INFO  com.nagarro.nagp.appium.baseClass.BaseClass - Entered into isSearchableListViewDisplayed method
11:05:08.613 [main] INFO  com.nagarro.nagp.appium.baseClass.BaseClass - going to click searchable list view button
11:05:08.789 [main] INFO  com.nagarro.nagp.appium.baseClass.BaseClass -  searchable list view button is clicked
11:05:08.792 [main] INFO  com.nagarro.nagp.appium.baseClass.BaseClass - Entered into isAbleToSearchCountry method for :India
11:05:10.161 [main] INFO  com.nagarro.nagp.appium.baseClass.BaseClass - Going to click search country button
11:05:10.250 [main] INFO  com.nagarro.nagp.appium.baseClass.BaseClass - going to enter country name India
11:05:12.364 [main] INFO  com.nagarro.nagp.appium.baseClass.BaseClass - country name India is entered
11:05:13.344 [main] INFO  com.nagarro.nagp.appium.baseClass.BaseClass - Entered country India is same as expected
11:05:14.091 [main] INFO  com.nagarro.nagp.appium.baseClass.BaseClass - Entered into closeApp method
11:05:14.885 [main] INFO  com.nagarro.nagp.appium.baseClass.BaseClass - Going to click option button
11:05:14.962 [main] INFO  com.nagarro.nagp.appium.baseClass.BaseClass - option button is clicked
11:05:16.164 [main] INFO  com.nagarro.nagp.appium.baseClass.BaseClass - going to click on exit button  
11:05:17.141 [main] INFO  com.nagarro.nagp.appium.baseClass.BaseClass - exit  button is clicked
11:05:17.142 [main] INFO  com.nagarro.nagp.appium.baseClass.BaseClass - Quitting the driver after scenario: To validate that user can search a country from the list
11:05:17.733 [main] INFO  com.nagarro.nagp.appium.baseClass.BaseClass - Starting scenario: To validate that user can search a country from the list
11:05:17.733 [main] INFO  com.nagarro.nagp.appium.baseClass.BaseClass - Going to set the desired capabilities on the server
11:05:17.734 [main] INFO  com.nagarro.nagp.appium.baseClass.BaseClass - Appium Driver initialized successfully
11:05:24.777 [main] INFO  com.nagarro.nagp.appium.baseClass.BaseClass - Entered into selectAndroidUIDesign method
11:05:31.367 [main] INFO  com.nagarro.nagp.appium.baseClass.BaseClass - androidUiDesignBtn button is going to be clicked
11:05:31.432 [main] INFO  com.nagarro.nagp.appium.baseClass.BaseClass - androidUiDesignBtn button  clicked
11:05:31.432 [main] INFO  com.nagarro.nagp.appium.baseClass.BaseClass - Entered into clickListViewSubMenu method
11:05:32.709 [main] INFO  com.nagarro.nagp.appium.baseClass.BaseClass - Going to click list view sub menu button
11:05:34.006 [main] INFO  com.nagarro.nagp.appium.baseClass.BaseClass - clicked list view sub menu button
11:05:34.006 [main] INFO  com.nagarro.nagp.appium.baseClass.BaseClass - Entered into isSearchableListViewDisplayed method
11:05:34.554 [main] INFO  com.nagarro.nagp.appium.baseClass.BaseClass - going to click searchable list view button
11:05:34.698 [main] INFO  com.nagarro.nagp.appium.baseClass.BaseClass -  searchable list view button is clicked
11:05:34.700 [main] INFO  com.nagarro.nagp.appium.baseClass.BaseClass - Entered into isAbleToSearchCountry method for :Canada
11:05:35.953 [main] INFO  com.nagarro.nagp.appium.baseClass.BaseClass - Going to click search country button
11:05:36.016 [main] INFO  com.nagarro.nagp.appium.baseClass.BaseClass - going to enter country name Canada
11:05:38.100 [main] INFO  com.nagarro.nagp.appium.baseClass.BaseClass - country name Canada is entered
11:05:39.049 [main] INFO  com.nagarro.nagp.appium.baseClass.BaseClass - Entered country Canada is same as expected
11:05:39.774 [main] INFO  com.nagarro.nagp.appium.baseClass.BaseClass - Entered into closeApp method
11:05:40.646 [main] INFO  com.nagarro.nagp.appium.baseClass.BaseClass - Going to click option button
11:05:40.747 [main] INFO  com.nagarro.nagp.appium.baseClass.BaseClass - option button is clicked
11:05:41.918 [main] INFO  com.nagarro.nagp.appium.baseClass.BaseClass - going to click on exit button  
11:05:42.718 [main] INFO  com.nagarro.nagp.appium.baseClass.BaseClass - exit  button is clicked
11:05:42.719 [main] INFO  com.nagarro.nagp.appium.baseClass.BaseClass - Quitting the driver after scenario: To validate that user can search a country from the list
13:22:50.151 [main] INFO  com.nagarro.nagp.appium.baseClass.BaseClass - Starting scenario: To validate that user can search a country from the list
13:22:50.154 [main] INFO  com.nagarro.nagp.appium.baseClass.BaseClass - Going to set the desired capabilities on the server
13:22:50.164 [main] INFO  com.nagarro.nagp.appium.baseClass.BaseClass - Appium Driver initialized successfully
13:23:06.991 [main] INFO  com.nagarro.nagp.appium.baseClass.BaseClass - Entered into selectAndroidUIDesign method
13:23:13.377 [main] INFO  com.nagarro.nagp.appium.baseClass.BaseClass - androidUiDesignBtn button is going to be clicked
13:23:13.556 [main] INFO  com.nagarro.nagp.appium.baseClass.BaseClass - androidUiDesignBtn button  clicked
13:23:13.556 [main] INFO  com.nagarro.nagp.appium.baseClass.BaseClass - Entered into clickListViewSubMenu method
13:23:16.609 [main] INFO  com.nagarro.nagp.appium.baseClass.BaseClass - Going to click list view sub menu button
13:23:18.311 [main] INFO  com.nagarro.nagp.appium.baseClass.BaseClass - clicked list view sub menu button
13:23:18.312 [main] INFO  com.nagarro.nagp.appium.baseClass.BaseClass - Entered into isSearchableListViewDisplayed method
13:23:19.416 [main] INFO  com.nagarro.nagp.appium.baseClass.BaseClass - going to click searchable list view button
13:23:19.686 [main] INFO  com.nagarro.nagp.appium.baseClass.BaseClass -  searchable list view button is clicked
13:23:21.368 [main] INFO  com.nagarro.nagp.appium.baseClass.BaseClass - Quitting the driver after scenario: To validate that user can search a country from the list
13:23:23.121 [main] INFO  com.nagarro.nagp.appium.baseClass.BaseClass - Starting scenario: To validate that user can search a country from the list
13:23:23.121 [main] INFO  com.nagarro.nagp.appium.baseClass.BaseClass - Going to set the desired capabilities on the server
13:23:23.121 [main] INFO  com.nagarro.nagp.appium.baseClass.BaseClass - Appium Driver initialized successfully
13:23:35.104 [main] INFO  com.nagarro.nagp.appium.baseClass.BaseClass - Entered into selectAndroidUIDesign method
13:23:40.842 [main] INFO  com.nagarro.nagp.appium.baseClass.BaseClass - androidUiDesignBtn button is going to be clicked
13:23:40.970 [main] INFO  com.nagarro.nagp.appium.baseClass.BaseClass - androidUiDesignBtn button  clicked
13:23:40.970 [main] INFO  com.nagarro.nagp.appium.baseClass.BaseClass - Entered into clickListViewSubMenu method
13:23:43.771 [main] INFO  com.nagarro.nagp.appium.baseClass.BaseClass - Going to click list view sub menu button
13:23:45.270 [main] INFO  com.nagarro.nagp.appium.baseClass.BaseClass - clicked list view sub menu button
13:23:45.270 [main] INFO  com.nagarro.nagp.appium.baseClass.BaseClass - Entered into isSearchableListViewDisplayed method
13:23:47.481 [main] INFO  com.nagarro.nagp.appium.baseClass.BaseClass - going to click searchable list view button
13:23:47.715 [main] INFO  com.nagarro.nagp.appium.baseClass.BaseClass -  searchable list view button is clicked
13:23:48.838 [main] INFO  com.nagarro.nagp.appium.baseClass.BaseClass - Quitting the driver after scenario: To validate that user can search a country from the list
13:30:56.834 [main] INFO  com.nagarro.nagp.appium.baseClass.BaseClass - Starting scenario: To validate that application home page is displayed
13:30:56.837 [main] INFO  com.nagarro.nagp.appium.baseClass.BaseClass - Going to set the desired capabilities on the server
13:30:56.846 [main] INFO  com.nagarro.nagp.appium.baseClass.BaseClass - Appium Driver initialized successfully
13:31:02.895 [main] INFO  com.nagarro.nagp.appium.baseClass.BaseClass - Entered into isHomePageDisplayed method
13:31:09.435 [main] INFO  com.nagarro.nagp.appium.baseClass.BaseClass - welcome text message is displayed
13:31:09.632 [main] INFO  com.nagarro.nagp.appium.baseClass.BaseClass - Quitting the driver after scenario: To validate that application home page is displayed
13:43:23.435 [main] INFO  com.nagarro.nagp.appium.baseClass.BaseClass - Starting scenario: To validate that application home page is displayed
13:43:23.444 [main] INFO  com.nagarro.nagp.appium.baseClass.BaseClass - Going to set the desired capabilities on the server
13:43:23.451 [main] INFO  com.nagarro.nagp.appium.baseClass.BaseClass - Appium Driver initialized successfully
13:43:35.981 [main] INFO  com.nagarro.nagp.appium.baseClass.BaseClass - Entered into isHomePageDisplayed method
13:43:42.413 [main] INFO  com.nagarro.nagp.appium.baseClass.BaseClass - welcome text message is displayed
13:43:42.658 [main] INFO  com.nagarro.nagp.appium.baseClass.BaseClass - Quitting the driver after scenario: To validate that application home page is displayed
16:11:37.522 [main] INFO  com.nagarro.nagp.appium.baseClass.BaseClass - Starting scenario: To validate that application home page is displayed
16:11:37.524 [main] INFO  com.nagarro.nagp.appium.baseClass.BaseClass - Going to set the desired capabilities on the server
16:11:37.533 [main] INFO  com.nagarro.nagp.appium.baseClass.BaseClass - Appium Driver initialized successfully
16:11:47.787 [main] INFO  com.nagarro.nagp.appium.baseClass.BaseClass - Entered into isHomePageDisplayed method
16:11:54.100 [main] INFO  com.nagarro.nagp.appium.baseClass.BaseClass - welcome text message is displayed
16:11:54.243 [main] INFO  com.nagarro.nagp.appium.baseClass.BaseClass - Quitting the driver after scenario: To validate that application home page is displayed
16:41:40.411 [main] INFO  com.nagarro.nagp.appium.baseClass.BaseClass - Starting scenario: To validate that application can be closed
16:41:40.414 [main] INFO  com.nagarro.nagp.appium.baseClass.BaseClass - Going to set the desired capabilities on the server
16:41:40.426 [main] INFO  com.nagarro.nagp.appium.baseClass.BaseClass - Appium Driver initialized successfully
16:42:01.026 [main] INFO  com.nagarro.nagp.appium.baseClass.BaseClass - Entered into closeApp method
16:42:07.457 [main] INFO  com.nagarro.nagp.appium.baseClass.BaseClass - Going to click option button
16:42:07.782 [main] INFO  com.nagarro.nagp.appium.baseClass.BaseClass - option button is clicked
16:42:10.041 [main] INFO  com.nagarro.nagp.appium.baseClass.BaseClass - going to click on exit button  
16:42:11.467 [main] INFO  com.nagarro.nagp.appium.baseClass.BaseClass - exit  button is clicked
16:42:11.476 [main] INFO  com.nagarro.nagp.appium.baseClass.BaseClass - Quitting the driver after scenario: To validate that application can be closed
16:45:00.829 [main] INFO  com.nagarro.nagp.appium.baseClass.BaseClass - Starting scenario: To validate that user can search a country from the list
16:45:00.842 [main] INFO  com.nagarro.nagp.appium.baseClass.BaseClass - Going to set the desired capabilities on the server
16:45:00.864 [main] INFO  com.nagarro.nagp.appium.baseClass.BaseClass - Appium Driver initialized successfully
16:45:14.788 [main] INFO  com.nagarro.nagp.appium.baseClass.BaseClass - Entered into selectAndroidUIDesign method
16:45:21.380 [main] INFO  com.nagarro.nagp.appium.baseClass.BaseClass - androidUiDesignBtn button is going to be clicked
16:45:21.543 [main] INFO  com.nagarro.nagp.appium.baseClass.BaseClass - androidUiDesignBtn button  clicked
16:45:21.544 [main] INFO  com.nagarro.nagp.appium.baseClass.BaseClass - Entered into clickListViewSubMenu method
16:45:23.552 [main] INFO  com.nagarro.nagp.appium.baseClass.BaseClass - Going to click list view sub menu button
16:45:25.046 [main] INFO  com.nagarro.nagp.appium.baseClass.BaseClass - clicked list view sub menu button
16:45:25.046 [main] INFO  com.nagarro.nagp.appium.baseClass.BaseClass - Entered into isSearchableListViewDisplayed method
16:45:26.032 [main] INFO  com.nagarro.nagp.appium.baseClass.BaseClass - going to click searchable list view button
16:45:26.304 [main] INFO  com.nagarro.nagp.appium.baseClass.BaseClass -  searchable list view button is clicked
16:45:26.318 [main] INFO  com.nagarro.nagp.appium.baseClass.BaseClass - Entered into isAbleToSearchCountry method for :India
16:45:28.287 [main] INFO  com.nagarro.nagp.appium.baseClass.BaseClass - Going to click search country button
16:45:28.447 [main] INFO  com.nagarro.nagp.appium.baseClass.BaseClass - going to enter country name India
16:45:31.364 [main] INFO  com.nagarro.nagp.appium.baseClass.BaseClass - country name India is entered
16:45:32.372 [main] INFO  com.nagarro.nagp.appium.baseClass.BaseClass - Entered country India is same as expected
16:45:33.221 [main] INFO  com.nagarro.nagp.appium.baseClass.BaseClass - Entered into closeApp method
16:45:34.320 [main] INFO  com.nagarro.nagp.appium.baseClass.BaseClass - Going to click option button
16:45:34.637 [main] INFO  com.nagarro.nagp.appium.baseClass.BaseClass - option button is clicked
16:45:36.146 [main] INFO  com.nagarro.nagp.appium.baseClass.BaseClass - going to click on exit button  
16:45:37.417 [main] INFO  com.nagarro.nagp.appium.baseClass.BaseClass - exit  button is clicked
16:45:37.433 [main] INFO  com.nagarro.nagp.appium.baseClass.BaseClass - Quitting the driver after scenario: To validate that user can search a country from the list
16:45:38.964 [main] INFO  com.nagarro.nagp.appium.baseClass.BaseClass - Starting scenario: To validate that user can search a country from the list
16:45:39.053 [main] INFO  com.nagarro.nagp.appium.baseClass.BaseClass - Going to set the desired capabilities on the server
16:45:39.053 [main] INFO  com.nagarro.nagp.appium.baseClass.BaseClass - Appium Driver initialized successfully
16:45:48.908 [main] INFO  com.nagarro.nagp.appium.baseClass.BaseClass - Entered into selectAndroidUIDesign method
16:45:55.703 [main] INFO  com.nagarro.nagp.appium.baseClass.BaseClass - androidUiDesignBtn button is going to be clicked
16:45:55.887 [main] INFO  com.nagarro.nagp.appium.baseClass.BaseClass - androidUiDesignBtn button  clicked
16:45:55.887 [main] INFO  com.nagarro.nagp.appium.baseClass.BaseClass - Entered into clickListViewSubMenu method
16:45:58.361 [main] INFO  com.nagarro.nagp.appium.baseClass.BaseClass - Going to click list view sub menu button
16:46:00.021 [main] INFO  com.nagarro.nagp.appium.baseClass.BaseClass - clicked list view sub menu button
16:46:00.021 [main] INFO  com.nagarro.nagp.appium.baseClass.BaseClass - Entered into isSearchableListViewDisplayed method
16:46:01.639 [main] INFO  com.nagarro.nagp.appium.baseClass.BaseClass - going to click searchable list view button
16:46:01.962 [main] INFO  com.nagarro.nagp.appium.baseClass.BaseClass -  searchable list view button is clicked
16:46:01.965 [main] INFO  com.nagarro.nagp.appium.baseClass.BaseClass - Entered into isAbleToSearchCountry method for :Canada
16:46:03.640 [main] INFO  com.nagarro.nagp.appium.baseClass.BaseClass - Going to click search country button
16:46:03.882 [main] INFO  com.nagarro.nagp.appium.baseClass.BaseClass - going to enter country name Canada
16:46:06.108 [main] INFO  com.nagarro.nagp.appium.baseClass.BaseClass - country name Canada is entered
16:46:07.194 [main] INFO  com.nagarro.nagp.appium.baseClass.BaseClass - Entered country Canada is same as expected
16:46:08.069 [main] INFO  com.nagarro.nagp.appium.baseClass.BaseClass - Entered into closeApp method
16:46:09.231 [main] INFO  com.nagarro.nagp.appium.baseClass.BaseClass - Going to click option button
16:46:09.620 [main] INFO  com.nagarro.nagp.appium.baseClass.BaseClass - option button is clicked
16:46:11.017 [main] INFO  com.nagarro.nagp.appium.baseClass.BaseClass - going to click on exit button  
16:46:12.208 [main] INFO  com.nagarro.nagp.appium.baseClass.BaseClass - exit  button is clicked
16:46:12.211 [main] INFO  com.nagarro.nagp.appium.baseClass.BaseClass - Quitting the driver after scenario: To validate that user can search a country from the list
16:49:11.065 [main] INFO  com.nagarro.nagp.appium.baseClass.BaseClass - Starting scenario: To validate that user can search a country from the list
16:49:11.069 [main] INFO  com.nagarro.nagp.appium.baseClass.BaseClass - Going to set the desired capabilities on the server
16:49:11.085 [main] INFO  com.nagarro.nagp.appium.baseClass.BaseClass - Appium Driver initialized successfully
16:49:23.698 [main] INFO  com.nagarro.nagp.appium.baseClass.BaseClass - Entered into selectAndroidUIDesign method
16:49:29.847 [main] INFO  com.nagarro.nagp.appium.baseClass.BaseClass - androidUiDesignBtn button is going to be clicked
16:49:29.952 [main] INFO  com.nagarro.nagp.appium.baseClass.BaseClass - androidUiDesignBtn button  clicked
16:49:29.952 [main] INFO  com.nagarro.nagp.appium.baseClass.BaseClass - Entered into clickListViewSubMenu method
16:49:32.218 [main] INFO  com.nagarro.nagp.appium.baseClass.BaseClass - Going to click list view sub menu button
16:49:33.925 [main] INFO  com.nagarro.nagp.appium.baseClass.BaseClass - clicked list view sub menu button
16:49:33.925 [main] INFO  com.nagarro.nagp.appium.baseClass.BaseClass - Entered into isSearchableListViewDisplayed method
16:49:35.011 [main] INFO  com.nagarro.nagp.appium.baseClass.BaseClass - going to click searchable list view button
16:49:35.221 [main] INFO  com.nagarro.nagp.appium.baseClass.BaseClass -  searchable list view button is clicked
16:49:35.229 [main] INFO  com.nagarro.nagp.appium.baseClass.BaseClass - Entered into isAbleToSearchCountry method for :India
16:49:36.909 [main] INFO  com.nagarro.nagp.appium.baseClass.BaseClass - Going to click search country button
16:49:37.082 [main] INFO  com.nagarro.nagp.appium.baseClass.BaseClass - going to enter country name India
16:49:39.663 [main] INFO  com.nagarro.nagp.appium.baseClass.BaseClass - country name India is entered
16:49:40.728 [main] INFO  com.nagarro.nagp.appium.baseClass.BaseClass - Entered country India is same as expected
16:49:41.627 [main] INFO  com.nagarro.nagp.appium.baseClass.BaseClass - Entered into closeApp method
16:49:42.570 [main] INFO  com.nagarro.nagp.appium.baseClass.BaseClass - Going to click option button
16:49:42.699 [main] INFO  com.nagarro.nagp.appium.baseClass.BaseClass - option button is clicked
16:49:43.980 [main] INFO  com.nagarro.nagp.appium.baseClass.BaseClass - going to click on exit button  
16:49:44.153 [main] INFO  com.nagarro.nagp.appium.baseClass.BaseClass - exit  button is clicked
16:49:44.159 [main] INFO  com.nagarro.nagp.appium.baseClass.BaseClass - Quitting the driver after scenario: To validate that user can search a country from the list
16:49:45.590 [main] INFO  com.nagarro.nagp.appium.baseClass.BaseClass - Starting scenario: To validate that user can search a country from the list
16:49:45.590 [main] INFO  com.nagarro.nagp.appium.baseClass.BaseClass - Going to set the desired capabilities on the server
16:49:45.590 [main] INFO  com.nagarro.nagp.appium.baseClass.BaseClass - Appium Driver initialized successfully
16:49:54.713 [main] INFO  com.nagarro.nagp.appium.baseClass.BaseClass - Entered into selectAndroidUIDesign method
16:50:01.240 [main] INFO  com.nagarro.nagp.appium.baseClass.BaseClass - androidUiDesignBtn button is going to be clicked
16:50:01.389 [main] INFO  com.nagarro.nagp.appium.baseClass.BaseClass - androidUiDesignBtn button  clicked
16:50:01.389 [main] INFO  com.nagarro.nagp.appium.baseClass.BaseClass - Entered into clickListViewSubMenu method
16:50:03.230 [main] INFO  com.nagarro.nagp.appium.baseClass.BaseClass - Going to click list view sub menu button
16:50:04.852 [main] INFO  com.nagarro.nagp.appium.baseClass.BaseClass - clicked list view sub menu button
16:50:04.852 [main] INFO  com.nagarro.nagp.appium.baseClass.BaseClass - Entered into isSearchableListViewDisplayed method
16:50:05.700 [main] INFO  com.nagarro.nagp.appium.baseClass.BaseClass - going to click searchable list view button
16:50:05.948 [main] INFO  com.nagarro.nagp.appium.baseClass.BaseClass -  searchable list view button is clicked
16:50:05.950 [main] INFO  com.nagarro.nagp.appium.baseClass.BaseClass - Entered into isAbleToSearchCountry method for :Canada12
16:50:07.356 [main] INFO  com.nagarro.nagp.appium.baseClass.BaseClass - Going to click search country button
16:50:07.452 [main] INFO  com.nagarro.nagp.appium.baseClass.BaseClass - going to enter country name Canada12
16:50:09.620 [main] INFO  com.nagarro.nagp.appium.baseClass.BaseClass - country name Canada12 is entered
16:51:11.149 [main] INFO  com.nagarro.nagp.appium.baseClass.BaseClass - Quitting the driver after scenario: To validate that user can search a country from the list
