08:48:19.519 [main] INFO  com.nagarro.nagp.appium.baseClass.BaseClass - launching the emulator
08:48:22.004 [main] INFO  com.nagarro.nagp.appium.baseClass.BaseClass - Emulator is luanched successfully with the given capabilities
08:48:31.994 [main] INFO  com.nagarro.nagp.appium.baseClass.BaseClass - Entered into selectAndroidUIDesign method
08:48:38.090 [main] INFO  com.nagarro.nagp.appium.baseClass.BaseClass - androidUiDesignBtn button is clicked
08:48:38.188 [main] INFO  com.nagarro.nagp.appium.baseClass.BaseClass - Entered into clickAnimationSubMenu method
08:48:39.658 [main] INFO  com.nagarro.nagp.appium.baseClass.BaseClass - Going to click animation sub menu button
08:48:41.532 [main] INFO  com.nagarro.nagp.appium.baseClass.BaseClass - Entered into isFadeInAnimationsListDisplayed method
08:48:42.032 [main] INFO  com.nagarro.nagp.appium.baseClass.BaseClass - fade in animation button is displayed
08:48:42.158 [main] INFO  com.nagarro.nagp.appium.baseClass.BaseClass - Going to click fade in animation button
08:48:43.024 [main] INFO  com.nagarro.nagp.appium.baseClass.BaseClass - launching the emulator
08:48:45.454 [main] INFO  com.nagarro.nagp.appium.baseClass.BaseClass - Emulator is luanched successfully with the given capabilities
08:48:53.760 [main] INFO  com.nagarro.nagp.appium.baseClass.BaseClass - Entered into isHomePageDisplayed method
08:49:00.784 [main] INFO  com.nagarro.nagp.appium.baseClass.BaseClass - welcome text message is displayed
08:49:01.355 [main] INFO  com.nagarro.nagp.appium.baseClass.BaseClass - launching the emulator
08:49:03.833 [main] INFO  com.nagarro.nagp.appium.baseClass.BaseClass - Emulator is luanched successfully with the given capabilities
08:49:11.914 [main] INFO  com.nagarro.nagp.appium.baseClass.BaseClass - Entered into closeApp method
08:49:18.635 [main] INFO  com.nagarro.nagp.appium.baseClass.BaseClass - Going to click option button
08:49:18.778 [main] INFO  com.nagarro.nagp.appium.baseClass.BaseClass - option button is clicked
08:49:20.035 [main] INFO  com.nagarro.nagp.appium.baseClass.BaseClass - going to click on exit button  
08:49:20.968 [main] INFO  com.nagarro.nagp.appium.baseClass.BaseClass - exit  button is clicked
08:49:22.368 [main] INFO  com.nagarro.nagp.appium.baseClass.BaseClass - launching the emulator
08:49:24.736 [main] INFO  com.nagarro.nagp.appium.baseClass.BaseClass - Emulator is luanched successfully with the given capabilities
08:49:32.743 [main] INFO  com.nagarro.nagp.appium.baseClass.BaseClass - Entered into selectAndroidUIDesign method
08:49:39.096 [main] INFO  com.nagarro.nagp.appium.baseClass.BaseClass - androidUiDesignBtn button is clicked
08:49:39.209 [main] INFO  com.nagarro.nagp.appium.baseClass.BaseClass - Entered into clickListViewSubMenu method
08:49:40.680 [main] INFO  com.nagarro.nagp.appium.baseClass.BaseClass - Going to click list view sub menu button
08:49:42.089 [main] INFO  com.nagarro.nagp.appium.baseClass.BaseClass - clicked list view sub menu button
08:49:42.089 [main] INFO  com.nagarro.nagp.appium.baseClass.BaseClass - Entered into isSearchableListViewDisplayed method
08:49:42.827 [main] INFO  com.nagarro.nagp.appium.baseClass.BaseClass - going to click searchable list view button
08:49:43.008 [main] INFO  com.nagarro.nagp.appium.baseClass.BaseClass -  searchable list view button is clicked
08:49:44.548 [main] INFO  com.nagarro.nagp.appium.baseClass.BaseClass - Entered into isAbleToSearchCountry method
08:51:16.457 [main] INFO  com.nagarro.nagp.appium.baseClass.BaseClass - launching the emulator
08:51:18.809 [main] INFO  com.nagarro.nagp.appium.baseClass.BaseClass - Emulator is luanched successfully with the given capabilities
08:51:26.622 [main] INFO  com.nagarro.nagp.appium.baseClass.BaseClass - Entered into selectAndroidUIDesign method
08:51:33.104 [main] INFO  com.nagarro.nagp.appium.baseClass.BaseClass - androidUiDesignBtn button is clicked
08:51:33.217 [main] INFO  com.nagarro.nagp.appium.baseClass.BaseClass - Entered into clickListViewSubMenu method
08:51:34.741 [main] INFO  com.nagarro.nagp.appium.baseClass.BaseClass - Going to click list view sub menu button
08:51:36.234 [main] INFO  com.nagarro.nagp.appium.baseClass.BaseClass - clicked list view sub menu button
08:51:36.234 [main] INFO  com.nagarro.nagp.appium.baseClass.BaseClass - Entered into isSearchableListViewDisplayed method
08:51:36.971 [main] INFO  com.nagarro.nagp.appium.baseClass.BaseClass - going to click searchable list view button
08:51:37.131 [main] INFO  com.nagarro.nagp.appium.baseClass.BaseClass -  searchable list view button is clicked
08:51:38.065 [main] INFO  com.nagarro.nagp.appium.baseClass.BaseClass - Entered into isAbleToSearchCountry method
08:51:38.367 [main] INFO  com.nagarro.nagp.appium.baseClass.BaseClass - Going to click search country button
08:51:38.578 [main] INFO  com.nagarro.nagp.appium.baseClass.BaseClass - going to enter country name Austria
08:51:40.779 [main] INFO  com.nagarro.nagp.appium.baseClass.BaseClass - country name Austria is entered
08:51:41.746 [main] INFO  com.nagarro.nagp.appium.baseClass.BaseClass - Entered country Austria is same as expected
08:51:42.150 [main] INFO  com.nagarro.nagp.appium.baseClass.BaseClass - launching the emulator
08:51:44.531 [main] INFO  com.nagarro.nagp.appium.baseClass.BaseClass - Emulator is luanched successfully with the given capabilities
08:51:53.348 [main] INFO  com.nagarro.nagp.appium.baseClass.BaseClass - Entered into selectAndroidUIDesign method
08:51:59.963 [main] INFO  com.nagarro.nagp.appium.baseClass.BaseClass - androidUiDesignBtn button is clicked
08:52:00.155 [main] INFO  com.nagarro.nagp.appium.baseClass.BaseClass - Entered into clickPopUpSubMenu method
08:52:02.145 [main] INFO  com.nagarro.nagp.appium.baseClass.BaseClass - Going to click pop-up sub menu button
08:52:03.740 [main] INFO  com.nagarro.nagp.appium.baseClass.BaseClass - popup menu option is clicked
08:52:04.335 [main] INFO  com.nagarro.nagp.appium.baseClass.BaseClass - Entered into isPopUpOptionsDisplayed method
08:52:05.095 [main] INFO  com.nagarro.nagp.appium.baseClass.BaseClass - Both popup options are displayed
08:52:05.649 [main] INFO  com.nagarro.nagp.appium.baseClass.BaseClass - Entered into selectQuickActionMenuOption method
08:52:05.943 [main] INFO  com.nagarro.nagp.appium.baseClass.BaseClass - Going to click on quick action option
08:52:06.102 [main] INFO  com.nagarro.nagp.appium.baseClass.BaseClass - clicked quick action
08:52:06.806 [main] INFO  com.nagarro.nagp.appium.baseClass.BaseClass - Entered into isBillaMenuItemDisplayed method
08:52:08.005 [main] INFO  com.nagarro.nagp.appium.baseClass.BaseClass - Going to click on bill QuickAction Option button
08:52:09.216 [main] INFO  com.nagarro.nagp.appium.baseClass.BaseClass - clicked on bill QuickAction Option button
08:52:10.324 [main] INFO  com.nagarro.nagp.appium.baseClass.BaseClass - launching the emulator
08:52:12.851 [main] INFO  com.nagarro.nagp.appium.baseClass.BaseClass - Emulator is luanched successfully with the given capabilities
08:52:22.147 [main] INFO  com.nagarro.nagp.appium.baseClass.BaseClass - Entered into selectAndroidUIDesign method
08:52:28.856 [main] INFO  com.nagarro.nagp.appium.baseClass.BaseClass - androidUiDesignBtn button is clicked
08:52:29.018 [main] INFO  com.nagarro.nagp.appium.baseClass.BaseClass - Entered into clickPopUpSubMenu method
08:52:31.091 [main] INFO  com.nagarro.nagp.appium.baseClass.BaseClass - Going to click pop-up sub menu button
08:52:32.711 [main] INFO  com.nagarro.nagp.appium.baseClass.BaseClass - popup menu option is clicked
08:52:33.311 [main] INFO  com.nagarro.nagp.appium.baseClass.BaseClass - Entered into isPopUpOptionsDisplayed method
08:52:34.093 [main] INFO  com.nagarro.nagp.appium.baseClass.BaseClass - Both popup options are displayed
08:52:34.525 [main] INFO  com.nagarro.nagp.appium.baseClass.BaseClass - Entered into selectPopUpMenuOption method
08:52:34.826 [main] INFO  com.nagarro.nagp.appium.baseClass.BaseClass - Going to click on pop-up option button
08:52:35.029 [main] INFO  com.nagarro.nagp.appium.baseClass.BaseClass - clicked on pop-up option 
08:52:35.723 [main] INFO  com.nagarro.nagp.appium.baseClass.BaseClass - Entered into isMusicPlayerItemsDisplayed method
09:35:18.308 [main] INFO  com.nagarro.nagp.appium.baseClass.BaseClass - launching the emulator
09:35:21.336 [main] INFO  com.nagarro.nagp.appium.baseClass.BaseClass - Emulator is launched successfully with the given capabilities
09:35:32.410 [main] INFO  com.nagarro.nagp.appium.baseClass.BaseClass - Entered into selectAndroidUIDesign method
09:35:38.683 [main] INFO  com.nagarro.nagp.appium.baseClass.BaseClass - androidUiDesignBtn button is clicked
09:35:38.794 [main] INFO  com.nagarro.nagp.appium.baseClass.BaseClass - Entered into clickAnimationSubMenu method
09:35:40.636 [main] INFO  com.nagarro.nagp.appium.baseClass.BaseClass - Going to click animation sub menu button
09:35:43.557 [main] INFO  com.nagarro.nagp.appium.baseClass.BaseClass - Entered into isFadeInAnimationsListDisplayed method
09:35:44.477 [main] INFO  com.nagarro.nagp.appium.baseClass.BaseClass - fade in animation button is displayed
09:35:44.707 [main] INFO  com.nagarro.nagp.appium.baseClass.BaseClass - Going to click fade in animation button
09:35:46.930 [main] INFO  com.nagarro.nagp.appium.baseClass.BaseClass - launching the emulator
09:35:49.655 [main] INFO  com.nagarro.nagp.appium.baseClass.BaseClass - Emulator is launched successfully with the given capabilities
09:36:00.676 [main] INFO  com.nagarro.nagp.appium.baseClass.BaseClass - Entered into isHomePageDisplayed method
09:36:07.149 [main] INFO  com.nagarro.nagp.appium.baseClass.BaseClass - welcome text message is displayed
09:36:07.941 [main] INFO  com.nagarro.nagp.appium.baseClass.BaseClass - launching the emulator
09:36:10.410 [main] INFO  com.nagarro.nagp.appium.baseClass.BaseClass - Emulator is launched successfully with the given capabilities
09:36:18.766 [main] INFO  com.nagarro.nagp.appium.baseClass.BaseClass - Entered into closeApp method
09:36:25.373 [main] INFO  com.nagarro.nagp.appium.baseClass.BaseClass - Going to click option button
09:36:25.550 [main] INFO  com.nagarro.nagp.appium.baseClass.BaseClass - option button is clicked
09:36:26.851 [main] INFO  com.nagarro.nagp.appium.baseClass.BaseClass - going to click on exit button  
09:36:27.849 [main] INFO  com.nagarro.nagp.appium.baseClass.BaseClass - exit  button is clicked
09:36:29.547 [main] INFO  com.nagarro.nagp.appium.baseClass.BaseClass - launching the emulator
09:36:31.995 [main] INFO  com.nagarro.nagp.appium.baseClass.BaseClass - Emulator is launched successfully with the given capabilities
09:36:40.062 [main] INFO  com.nagarro.nagp.appium.baseClass.BaseClass - Entered into selectAndroidUIDesign method
09:36:46.477 [main] INFO  com.nagarro.nagp.appium.baseClass.BaseClass - androidUiDesignBtn button is clicked
09:36:46.618 [main] INFO  com.nagarro.nagp.appium.baseClass.BaseClass - Entered into clickListViewSubMenu method
09:38:02.210 [main] INFO  com.nagarro.nagp.appium.baseClass.BaseClass - launching the emulator
09:38:04.682 [main] INFO  com.nagarro.nagp.appium.baseClass.BaseClass - Emulator is launched successfully with the given capabilities
09:38:13.752 [main] INFO  com.nagarro.nagp.appium.baseClass.BaseClass - Entered into selectAndroidUIDesign method
09:38:20.234 [main] INFO  com.nagarro.nagp.appium.baseClass.BaseClass - androidUiDesignBtn button is clicked
09:38:20.396 [main] INFO  com.nagarro.nagp.appium.baseClass.BaseClass - Entered into clickListViewSubMenu method
09:38:22.648 [main] INFO  com.nagarro.nagp.appium.baseClass.BaseClass - Going to click list view sub menu button
09:38:24.268 [main] INFO  com.nagarro.nagp.appium.baseClass.BaseClass - clicked list view sub menu button
09:38:24.268 [main] INFO  com.nagarro.nagp.appium.baseClass.BaseClass - Entered into isSearchableListViewDisplayed method
09:38:25.275 [main] INFO  com.nagarro.nagp.appium.baseClass.BaseClass - going to click searchable list view button
09:38:25.505 [main] INFO  com.nagarro.nagp.appium.baseClass.BaseClass -  searchable list view button is clicked
09:38:26.214 [main] INFO  com.nagarro.nagp.appium.baseClass.BaseClass - Entered into isAbleToSearchCountry method for :Austria
09:38:26.879 [main] INFO  com.nagarro.nagp.appium.baseClass.BaseClass - Going to click search country button
09:38:27.135 [main] INFO  com.nagarro.nagp.appium.baseClass.BaseClass - going to enter country name Austria
09:38:29.333 [main] INFO  com.nagarro.nagp.appium.baseClass.BaseClass - country name Austria is entered
09:38:30.346 [main] INFO  com.nagarro.nagp.appium.baseClass.BaseClass - Entered country Austria is same as expected
09:38:30.799 [main] INFO  com.nagarro.nagp.appium.baseClass.BaseClass - launching the emulator
09:38:33.192 [main] INFO  com.nagarro.nagp.appium.baseClass.BaseClass - Emulator is launched successfully with the given capabilities
09:38:43.648 [main] INFO  com.nagarro.nagp.appium.baseClass.BaseClass - Entered into selectAndroidUIDesign method
09:38:50.093 [main] INFO  com.nagarro.nagp.appium.baseClass.BaseClass - androidUiDesignBtn button is clicked
09:38:50.256 [main] INFO  com.nagarro.nagp.appium.baseClass.BaseClass - Entered into clickPopUpSubMenu method
09:38:52.117 [main] INFO  com.nagarro.nagp.appium.baseClass.BaseClass - Going to click pop-up sub menu button
09:38:53.575 [main] INFO  com.nagarro.nagp.appium.baseClass.BaseClass - popup menu option is clicked
09:38:53.986 [main] INFO  com.nagarro.nagp.appium.baseClass.BaseClass - Entered into isPopUpOptionsDisplayed method
09:38:54.760 [main] INFO  com.nagarro.nagp.appium.baseClass.BaseClass - Both popup options are displayed
09:38:55.352 [main] INFO  com.nagarro.nagp.appium.baseClass.BaseClass - Entered into selectQuickActionMenuOption method
09:38:55.709 [main] INFO  com.nagarro.nagp.appium.baseClass.BaseClass - Going to click on quick action option
09:38:55.918 [main] INFO  com.nagarro.nagp.appium.baseClass.BaseClass - clicked quick action
09:38:56.727 [main] INFO  com.nagarro.nagp.appium.baseClass.BaseClass - Entered into isBillaMenuItemDisplayed method
09:38:57.711 [main] INFO  com.nagarro.nagp.appium.baseClass.BaseClass - Going to click on bill QuickAction Option button
09:38:58.949 [main] INFO  com.nagarro.nagp.appium.baseClass.BaseClass - clicked on bill QuickAction Option button
09:38:59.873 [main] INFO  com.nagarro.nagp.appium.baseClass.BaseClass - launching the emulator
09:39:02.747 [main] INFO  com.nagarro.nagp.appium.baseClass.BaseClass - Emulator is launched successfully with the given capabilities
09:39:11.748 [main] INFO  com.nagarro.nagp.appium.baseClass.BaseClass - Entered into selectAndroidUIDesign method
09:39:18.341 [main] INFO  com.nagarro.nagp.appium.baseClass.BaseClass - androidUiDesignBtn button is clicked
09:39:18.512 [main] INFO  com.nagarro.nagp.appium.baseClass.BaseClass - Entered into clickPopUpSubMenu method
09:39:20.424 [main] INFO  com.nagarro.nagp.appium.baseClass.BaseClass - Going to click pop-up sub menu button
09:39:21.954 [main] INFO  com.nagarro.nagp.appium.baseClass.BaseClass - popup menu option is clicked
09:39:22.440 [main] INFO  com.nagarro.nagp.appium.baseClass.BaseClass - Entered into isPopUpOptionsDisplayed method
09:39:23.249 [main] INFO  com.nagarro.nagp.appium.baseClass.BaseClass - Both popup options are displayed
09:39:23.735 [main] INFO  com.nagarro.nagp.appium.baseClass.BaseClass - Entered into selectPopUpMenuOption method
09:39:24.049 [main] INFO  com.nagarro.nagp.appium.baseClass.BaseClass - Going to click on pop-up option button
09:39:24.224 [main] INFO  com.nagarro.nagp.appium.baseClass.BaseClass - clicked on pop-up option 
09:39:24.874 [main] INFO  com.nagarro.nagp.appium.baseClass.BaseClass - Entered into isMusicPlayerItemsDisplayed method
09:40:07.212 [main] INFO  com.nagarro.nagp.appium.baseClass.BaseClass - launching the emulator
09:40:10.447 [main] INFO  com.nagarro.nagp.appium.baseClass.BaseClass - Emulator is launched successfully with the given capabilities
09:40:21.858 [main] INFO  com.nagarro.nagp.appium.baseClass.BaseClass - Entered into selectAndroidUIDesign method
09:41:11.367 [main] INFO  com.nagarro.nagp.appium.baseClass.BaseClass - launching the emulator
09:41:13.850 [main] INFO  com.nagarro.nagp.appium.baseClass.BaseClass - Emulator is launched successfully with the given capabilities
09:41:22.521 [main] INFO  com.nagarro.nagp.appium.baseClass.BaseClass - Entered into selectAndroidUIDesign method
09:41:28.983 [main] INFO  com.nagarro.nagp.appium.baseClass.BaseClass - androidUiDesignBtn button is clicked
09:41:29.125 [main] INFO  com.nagarro.nagp.appium.baseClass.BaseClass - Entered into clickListViewSubMenu method
09:41:31.043 [main] INFO  com.nagarro.nagp.appium.baseClass.BaseClass - Going to click list view sub menu button
09:41:32.458 [main] INFO  com.nagarro.nagp.appium.baseClass.BaseClass - clicked list view sub menu button
09:41:32.459 [main] INFO  com.nagarro.nagp.appium.baseClass.BaseClass - Entered into isSearchableListViewDisplayed method
09:41:33.249 [main] INFO  com.nagarro.nagp.appium.baseClass.BaseClass - going to click searchable list view button
09:41:33.467 [main] INFO  com.nagarro.nagp.appium.baseClass.BaseClass -  searchable list view button is clicked
09:41:34.071 [main] INFO  com.nagarro.nagp.appium.baseClass.BaseClass - Entered into isAbleToSearchCountry method for :Austria
09:41:34.832 [main] INFO  com.nagarro.nagp.appium.baseClass.BaseClass - Going to click search country button
09:41:35.160 [main] INFO  com.nagarro.nagp.appium.baseClass.BaseClass - going to enter country name Austria
09:41:37.402 [main] INFO  com.nagarro.nagp.appium.baseClass.BaseClass - country name Austria is entered
09:41:38.403 [main] INFO  com.nagarro.nagp.appium.baseClass.BaseClass - Entered country Austria is same as expected
09:42:19.348 [main] INFO  com.nagarro.nagp.appium.baseClass.BaseClass - launching the emulator
09:42:21.817 [main] INFO  com.nagarro.nagp.appium.baseClass.BaseClass - Emulator is launched successfully with the given capabilities
09:42:31.749 [main] INFO  com.nagarro.nagp.appium.baseClass.BaseClass - Entered into selectAndroidUIDesign method
09:42:37.738 [main] INFO  com.nagarro.nagp.appium.baseClass.BaseClass - androidUiDesignBtn button is clicked
09:42:37.850 [main] INFO  com.nagarro.nagp.appium.baseClass.BaseClass - Entered into clickListViewSubMenu method
09:43:22.201 [main] INFO  com.nagarro.nagp.appium.baseClass.BaseClass - launching the emulator
09:44:41.497 [main] INFO  com.nagarro.nagp.appium.baseClass.BaseClass - launching the emulator
09:45:11.560 [main] INFO  com.nagarro.nagp.appium.baseClass.BaseClass - Emulator is launched successfully with the given capabilities
09:45:39.943 [main] INFO  com.nagarro.nagp.appium.baseClass.BaseClass - Entered into selectAndroidUIDesign method
09:45:46.540 [main] INFO  com.nagarro.nagp.appium.baseClass.BaseClass - androidUiDesignBtn button is clicked
09:45:46.771 [main] INFO  com.nagarro.nagp.appium.baseClass.BaseClass - Entered into clickListViewSubMenu method
09:45:51.384 [main] INFO  com.nagarro.nagp.appium.baseClass.BaseClass - Going to click list view sub menu button
09:45:51.945 [main] INFO  com.nagarro.nagp.appium.baseClass.BaseClass - clicked list view sub menu button
09:45:51.946 [main] INFO  com.nagarro.nagp.appium.baseClass.BaseClass - Entered into isSearchableListViewDisplayed method
09:45:54.679 [main] INFO  com.nagarro.nagp.appium.baseClass.BaseClass - going to click searchable list view button
09:45:55.161 [main] INFO  com.nagarro.nagp.appium.baseClass.BaseClass -  searchable list view button is clicked
09:45:56.898 [main] INFO  com.nagarro.nagp.appium.baseClass.BaseClass - Entered into isAbleToSearchCountry method for :India
09:45:57.338 [main] INFO  com.nagarro.nagp.appium.baseClass.BaseClass - Going to click search country button
09:45:57.539 [main] INFO  com.nagarro.nagp.appium.baseClass.BaseClass - going to enter country name India
09:45:59.120 [main] INFO  com.nagarro.nagp.appium.baseClass.BaseClass - country name India is entered
09:46:00.115 [main] INFO  com.nagarro.nagp.appium.baseClass.BaseClass - Entered country India is same as expected
09:46:01.096 [main] INFO  com.nagarro.nagp.appium.baseClass.BaseClass - launching the emulator
09:46:05.063 [main] INFO  com.nagarro.nagp.appium.baseClass.BaseClass - Emulator is launched successfully with the given capabilities
09:46:21.995 [main] INFO  com.nagarro.nagp.appium.baseClass.BaseClass - Entered into selectAndroidUIDesign method
09:46:29.021 [main] INFO  com.nagarro.nagp.appium.baseClass.BaseClass - androidUiDesignBtn button is clicked
09:46:29.365 [main] INFO  com.nagarro.nagp.appium.baseClass.BaseClass - Entered into clickListViewSubMenu method
09:46:34.995 [main] INFO  com.nagarro.nagp.appium.baseClass.BaseClass - Going to click list view sub menu button
09:46:36.105 [main] INFO  com.nagarro.nagp.appium.baseClass.BaseClass - clicked list view sub menu button
09:46:36.105 [main] INFO  com.nagarro.nagp.appium.baseClass.BaseClass - Entered into isSearchableListViewDisplayed method
09:46:39.390 [main] INFO  com.nagarro.nagp.appium.baseClass.BaseClass - going to click searchable list view button
09:46:39.830 [main] INFO  com.nagarro.nagp.appium.baseClass.BaseClass -  searchable list view button is clicked
09:46:41.908 [main] INFO  com.nagarro.nagp.appium.baseClass.BaseClass - Entered into isAbleToSearchCountry method for :Austria
09:46:42.292 [main] INFO  com.nagarro.nagp.appium.baseClass.BaseClass - Going to click search country button
09:46:42.462 [main] INFO  com.nagarro.nagp.appium.baseClass.BaseClass - going to enter country name Austria
09:46:45.195 [main] INFO  com.nagarro.nagp.appium.baseClass.BaseClass - country name Austria is entered
09:46:46.371 [main] INFO  com.nagarro.nagp.appium.baseClass.BaseClass - Entered country Austria is same as expected
09:47:49.866 [main] INFO  com.nagarro.nagp.appium.baseClass.BaseClass - launching the emulator
09:49:47.044 [main] INFO  com.nagarro.nagp.appium.baseClass.BaseClass - launching the emulator
09:50:17.094 [main] INFO  com.nagarro.nagp.appium.baseClass.BaseClass - Emulator is launched successfully with the given capabilities
09:50:37.021 [main] INFO  com.nagarro.nagp.appium.baseClass.BaseClass - Entered into selectAndroidUIDesign method
09:50:43.461 [main] INFO  com.nagarro.nagp.appium.baseClass.BaseClass - androidUiDesignBtn button is clicked
09:50:43.850 [main] INFO  com.nagarro.nagp.appium.baseClass.BaseClass - Entered into clickAnimationSubMenu method
09:50:48.219 [main] INFO  com.nagarro.nagp.appium.baseClass.BaseClass - Going to click animation sub menu button
09:50:51.294 [main] INFO  com.nagarro.nagp.appium.baseClass.BaseClass - Entered into isFadeInAnimationsListDisplayed method
09:50:52.137 [main] INFO  com.nagarro.nagp.appium.baseClass.BaseClass - fade in animation button is displayed
09:50:52.384 [main] INFO  com.nagarro.nagp.appium.baseClass.BaseClass - Going to click fade in animation button
09:50:54.467 [main] INFO  com.nagarro.nagp.appium.baseClass.BaseClass - launching the emulator
09:50:57.385 [main] INFO  com.nagarro.nagp.appium.baseClass.BaseClass - Emulator is launched successfully with the given capabilities
09:51:12.738 [main] INFO  com.nagarro.nagp.appium.baseClass.BaseClass - Entered into isHomePageDisplayed method
09:51:19.402 [main] INFO  com.nagarro.nagp.appium.baseClass.BaseClass - welcome text message is displayed
09:51:20.535 [main] INFO  com.nagarro.nagp.appium.baseClass.BaseClass - launching the emulator
09:51:22.943 [main] INFO  com.nagarro.nagp.appium.baseClass.BaseClass - Emulator is launched successfully with the given capabilities
09:51:30.422 [main] INFO  com.nagarro.nagp.appium.baseClass.BaseClass - Entered into closeApp method
09:51:37.118 [main] INFO  com.nagarro.nagp.appium.baseClass.BaseClass - Going to click option button
09:51:37.356 [main] INFO  com.nagarro.nagp.appium.baseClass.BaseClass - option button is clicked
09:51:38.658 [main] INFO  com.nagarro.nagp.appium.baseClass.BaseClass - going to click on exit button  
09:51:39.602 [main] INFO  com.nagarro.nagp.appium.baseClass.BaseClass - exit  button is clicked
09:51:41.183 [main] INFO  com.nagarro.nagp.appium.baseClass.BaseClass - launching the emulator
09:51:43.630 [main] INFO  com.nagarro.nagp.appium.baseClass.BaseClass - Emulator is launched successfully with the given capabilities
09:51:50.631 [main] INFO  com.nagarro.nagp.appium.baseClass.BaseClass - Entered into selectAndroidUIDesign method
09:52:52.196 [main] INFO  com.nagarro.nagp.appium.baseClass.BaseClass - launching the emulator
09:52:54.644 [main] INFO  com.nagarro.nagp.appium.baseClass.BaseClass - Emulator is launched successfully with the given capabilities
09:53:01.833 [main] INFO  com.nagarro.nagp.appium.baseClass.BaseClass - Entered into selectAndroidUIDesign method
09:53:08.295 [main] INFO  com.nagarro.nagp.appium.baseClass.BaseClass - androidUiDesignBtn button is clicked
09:53:08.413 [main] INFO  com.nagarro.nagp.appium.baseClass.BaseClass - Entered into clickListViewSubMenu method
09:53:09.979 [main] INFO  com.nagarro.nagp.appium.baseClass.BaseClass - Going to click list view sub menu button
09:53:11.405 [main] INFO  com.nagarro.nagp.appium.baseClass.BaseClass - clicked list view sub menu button
09:53:11.405 [main] INFO  com.nagarro.nagp.appium.baseClass.BaseClass - Entered into isSearchableListViewDisplayed method
09:53:12.091 [main] INFO  com.nagarro.nagp.appium.baseClass.BaseClass - going to click searchable list view button
09:53:12.293 [main] INFO  com.nagarro.nagp.appium.baseClass.BaseClass -  searchable list view button is clicked
09:53:12.957 [main] INFO  com.nagarro.nagp.appium.baseClass.BaseClass - Entered into isAbleToSearchCountry method for :Austria
09:53:15.139 [main] INFO  com.nagarro.nagp.appium.baseClass.BaseClass - Going to click search country button
09:53:15.723 [main] INFO  com.nagarro.nagp.appium.baseClass.BaseClass - going to enter country name Austria
09:53:16.463 [main] INFO  com.nagarro.nagp.appium.baseClass.BaseClass - country name Austria is entered
09:53:17.482 [main] INFO  com.nagarro.nagp.appium.baseClass.BaseClass - Entered country Austria is same as expected
09:53:17.917 [main] INFO  com.nagarro.nagp.appium.baseClass.BaseClass - launching the emulator
09:53:20.287 [main] INFO  com.nagarro.nagp.appium.baseClass.BaseClass - Emulator is launched successfully with the given capabilities
09:53:28.019 [main] INFO  com.nagarro.nagp.appium.baseClass.BaseClass - Entered into selectAndroidUIDesign method
09:53:34.563 [main] INFO  com.nagarro.nagp.appium.baseClass.BaseClass - androidUiDesignBtn button is clicked
09:53:34.701 [main] INFO  com.nagarro.nagp.appium.baseClass.BaseClass - Entered into clickPopUpSubMenu method
09:53:36.480 [main] INFO  com.nagarro.nagp.appium.baseClass.BaseClass - Going to click pop-up sub menu button
09:53:37.919 [main] INFO  com.nagarro.nagp.appium.baseClass.BaseClass - popup menu option is clicked
09:53:38.262 [main] INFO  com.nagarro.nagp.appium.baseClass.BaseClass - Entered into isPopUpOptionsDisplayed method
09:53:38.905 [main] INFO  com.nagarro.nagp.appium.baseClass.BaseClass - Both popup options are displayed
09:53:39.313 [main] INFO  com.nagarro.nagp.appium.baseClass.BaseClass - Entered into selectQuickActionMenuOption method
09:53:39.596 [main] INFO  com.nagarro.nagp.appium.baseClass.BaseClass - Going to click on quick action option
09:53:39.763 [main] INFO  com.nagarro.nagp.appium.baseClass.BaseClass - clicked quick action
09:53:40.616 [main] INFO  com.nagarro.nagp.appium.baseClass.BaseClass - Entered into isBillaMenuItemDisplayed method
09:53:41.658 [main] INFO  com.nagarro.nagp.appium.baseClass.BaseClass - Going to click on bill QuickAction Option button
09:53:42.818 [main] INFO  com.nagarro.nagp.appium.baseClass.BaseClass - clicked on bill QuickAction Option button
09:53:44.050 [main] INFO  com.nagarro.nagp.appium.baseClass.BaseClass - launching the emulator
09:53:46.720 [main] INFO  com.nagarro.nagp.appium.baseClass.BaseClass - Emulator is launched successfully with the given capabilities
09:53:55.756 [main] INFO  com.nagarro.nagp.appium.baseClass.BaseClass - Entered into selectAndroidUIDesign method
09:54:02.239 [main] INFO  com.nagarro.nagp.appium.baseClass.BaseClass - androidUiDesignBtn button is clicked
09:54:02.371 [main] INFO  com.nagarro.nagp.appium.baseClass.BaseClass - Entered into clickPopUpSubMenu method
09:54:04.296 [main] INFO  com.nagarro.nagp.appium.baseClass.BaseClass - Going to click pop-up sub menu button
09:54:05.941 [main] INFO  com.nagarro.nagp.appium.baseClass.BaseClass - popup menu option is clicked
09:54:06.768 [main] INFO  com.nagarro.nagp.appium.baseClass.BaseClass - Entered into isPopUpOptionsDisplayed method
09:54:07.439 [main] INFO  com.nagarro.nagp.appium.baseClass.BaseClass - Both popup options are displayed
09:54:07.913 [main] INFO  com.nagarro.nagp.appium.baseClass.BaseClass - Entered into selectPopUpMenuOption method
09:54:08.245 [main] INFO  com.nagarro.nagp.appium.baseClass.BaseClass - Going to click on pop-up option button
09:54:08.423 [main] INFO  com.nagarro.nagp.appium.baseClass.BaseClass - clicked on pop-up option 
09:54:09.244 [main] INFO  com.nagarro.nagp.appium.baseClass.BaseClass - Entered into isMusicPlayerItemsDisplayed method
10:51:52.405 [main] INFO  com.nagarro.nagp.appium.baseClass.BaseClass - launching the emulator
10:51:54.963 [main] INFO  com.nagarro.nagp.appium.baseClass.BaseClass - Emulator is launched successfully with the given capabilities
10:52:09.984 [main] INFO  com.nagarro.nagp.appium.baseClass.BaseClass - Entered into selectAndroidUIDesign method
10:52:15.412 [main] INFO  com.nagarro.nagp.appium.baseClass.BaseClass - androidUiDesignBtn button is clicked
10:52:15.628 [main] INFO  com.nagarro.nagp.appium.baseClass.BaseClass - Entered into clickAnimationSubMenu method
10:52:18.075 [main] INFO  com.nagarro.nagp.appium.baseClass.BaseClass - Going to click animation sub menu button
10:52:20.781 [main] INFO  com.nagarro.nagp.appium.baseClass.BaseClass - Entered into isFadeInAnimationsListDisplayed method
10:52:21.528 [main] INFO  com.nagarro.nagp.appium.baseClass.BaseClass - fade in animation button is displayed
10:52:21.730 [main] INFO  com.nagarro.nagp.appium.baseClass.BaseClass - Going to click fade in animation button
10:52:23.039 [main] INFO  com.nagarro.nagp.appium.baseClass.BaseClass - launching the emulator
10:52:25.956 [main] INFO  com.nagarro.nagp.appium.baseClass.BaseClass - Emulator is launched successfully with the given capabilities
10:52:37.389 [main] INFO  com.nagarro.nagp.appium.baseClass.BaseClass - Entered into isHomePageDisplayed method
10:52:44.141 [main] INFO  com.nagarro.nagp.appium.baseClass.BaseClass - welcome text message is displayed
10:52:45.407 [main] INFO  com.nagarro.nagp.appium.baseClass.BaseClass - launching the emulator
10:52:47.979 [main] INFO  com.nagarro.nagp.appium.baseClass.BaseClass - Emulator is launched successfully with the given capabilities
10:52:58.344 [main] INFO  com.nagarro.nagp.appium.baseClass.BaseClass - Entered into closeApp method
10:53:05.130 [main] INFO  com.nagarro.nagp.appium.baseClass.BaseClass - Going to click option button
10:53:05.368 [main] INFO  com.nagarro.nagp.appium.baseClass.BaseClass - option button is clicked
10:53:06.540 [main] INFO  com.nagarro.nagp.appium.baseClass.BaseClass - going to click on exit button  
10:53:08.069 [main] INFO  com.nagarro.nagp.appium.baseClass.BaseClass - exit  button is clicked
10:53:10.768 [main] INFO  com.nagarro.nagp.appium.baseClass.BaseClass - launching the emulator
10:53:13.402 [main] INFO  com.nagarro.nagp.appium.baseClass.BaseClass - Emulator is launched successfully with the given capabilities
10:53:24.690 [main] INFO  com.nagarro.nagp.appium.baseClass.BaseClass - Entered into selectAndroidUIDesign method
10:53:30.979 [main] INFO  com.nagarro.nagp.appium.baseClass.BaseClass - androidUiDesignBtn button is clicked
10:53:31.217 [main] INFO  com.nagarro.nagp.appium.baseClass.BaseClass - Entered into clickListViewSubMenu method
10:53:33.253 [main] INFO  com.nagarro.nagp.appium.baseClass.BaseClass - Going to click list view sub menu button
10:53:35.368 [main] INFO  com.nagarro.nagp.appium.baseClass.BaseClass - clicked list view sub menu button
10:53:35.369 [main] INFO  com.nagarro.nagp.appium.baseClass.BaseClass - Entered into isSearchableListViewDisplayed method
10:53:36.450 [main] INFO  com.nagarro.nagp.appium.baseClass.BaseClass - going to click searchable list view button
10:53:36.696 [main] INFO  com.nagarro.nagp.appium.baseClass.BaseClass -  searchable list view button is clicked
10:53:37.773 [main] INFO  com.nagarro.nagp.appium.baseClass.BaseClass - Entered into isAbleToSearchCountry method for :India
10:53:39.174 [main] INFO  com.nagarro.nagp.appium.baseClass.BaseClass - Going to click search country button
10:53:39.778 [main] INFO  com.nagarro.nagp.appium.baseClass.BaseClass - going to enter country name India
10:53:40.683 [main] INFO  com.nagarro.nagp.appium.baseClass.BaseClass - country name India is entered
10:53:41.750 [main] INFO  com.nagarro.nagp.appium.baseClass.BaseClass - Entered country India is same as expected
10:53:42.351 [main] INFO  com.nagarro.nagp.appium.baseClass.BaseClass - launching the emulator
10:53:44.899 [main] INFO  com.nagarro.nagp.appium.baseClass.BaseClass - Emulator is launched successfully with the given capabilities
10:53:53.985 [main] INFO  com.nagarro.nagp.appium.baseClass.BaseClass - Entered into selectAndroidUIDesign method
10:54:00.432 [main] INFO  com.nagarro.nagp.appium.baseClass.BaseClass - androidUiDesignBtn button is clicked
10:54:00.625 [main] INFO  com.nagarro.nagp.appium.baseClass.BaseClass - Entered into clickPopUpSubMenu method
10:54:02.356 [main] INFO  com.nagarro.nagp.appium.baseClass.BaseClass - Going to click pop-up sub menu button
10:54:04.042 [main] INFO  com.nagarro.nagp.appium.baseClass.BaseClass - popup menu option is clicked
10:54:04.921 [main] INFO  com.nagarro.nagp.appium.baseClass.BaseClass - Entered into isPopUpOptionsDisplayed method
10:54:05.651 [main] INFO  com.nagarro.nagp.appium.baseClass.BaseClass - Both popup options are displayed
10:54:06.208 [main] INFO  com.nagarro.nagp.appium.baseClass.BaseClass - Entered into selectQuickActionMenuOption method
10:54:06.527 [main] INFO  com.nagarro.nagp.appium.baseClass.BaseClass - Going to click on quick action option
10:54:06.697 [main] INFO  com.nagarro.nagp.appium.baseClass.BaseClass - clicked quick action
10:54:07.407 [main] INFO  com.nagarro.nagp.appium.baseClass.BaseClass - Entered into isBillaMenuItemDisplayed method
10:54:09.219 [main] INFO  com.nagarro.nagp.appium.baseClass.BaseClass - Going to click on bill QuickAction Option button
10:54:10.705 [main] INFO  com.nagarro.nagp.appium.baseClass.BaseClass - clicked on bill QuickAction Option button
10:54:42.206 [main] INFO  com.nagarro.nagp.appium.baseClass.BaseClass - launching the emulator
10:54:44.780 [main] INFO  com.nagarro.nagp.appium.baseClass.BaseClass - Emulator is launched successfully with the given capabilities
10:54:52.450 [main] INFO  com.nagarro.nagp.appium.baseClass.BaseClass - Entered into selectAndroidUIDesign method
10:54:58.961 [main] INFO  com.nagarro.nagp.appium.baseClass.BaseClass - androidUiDesignBtn button is clicked
10:54:59.079 [main] INFO  com.nagarro.nagp.appium.baseClass.BaseClass - Entered into clickPopUpSubMenu method
10:55:01.407 [main] INFO  com.nagarro.nagp.appium.baseClass.BaseClass - Going to click pop-up sub menu button
10:55:02.886 [main] INFO  com.nagarro.nagp.appium.baseClass.BaseClass - popup menu option is clicked
10:55:03.534 [main] INFO  com.nagarro.nagp.appium.baseClass.BaseClass - Entered into isPopUpOptionsDisplayed method
10:55:04.700 [main] INFO  com.nagarro.nagp.appium.baseClass.BaseClass - Both popup options are displayed
10:55:05.285 [main] INFO  com.nagarro.nagp.appium.baseClass.BaseClass - Entered into selectPopUpMenuOption method
10:55:05.586 [main] INFO  com.nagarro.nagp.appium.baseClass.BaseClass - Going to click on pop-up option button
10:55:05.748 [main] INFO  com.nagarro.nagp.appium.baseClass.BaseClass - clicked on pop-up option 
10:55:06.581 [main] INFO  com.nagarro.nagp.appium.baseClass.BaseClass - Entered into isMusicPlayerItemsDisplayed method
10:56:39.505 [main] INFO  com.nagarro.nagp.appium.baseClass.BaseClass - launching the emulator
10:56:41.926 [main] INFO  com.nagarro.nagp.appium.baseClass.BaseClass - Emulator is launched successfully with the given capabilities
10:56:51.680 [main] INFO  com.nagarro.nagp.appium.baseClass.BaseClass - Entered into selectAndroidUIDesign method
10:56:58.026 [main] INFO  com.nagarro.nagp.appium.baseClass.BaseClass - androidUiDesignBtn button is clicked
10:56:58.133 [main] INFO  com.nagarro.nagp.appium.baseClass.BaseClass - Entered into clickAnimationSubMenu method
10:56:59.877 [main] INFO  com.nagarro.nagp.appium.baseClass.BaseClass - Going to click animation sub menu button
10:57:02.153 [main] INFO  com.nagarro.nagp.appium.baseClass.BaseClass - Entered into isFadeInAnimationsListDisplayed method
10:57:02.680 [main] INFO  com.nagarro.nagp.appium.baseClass.BaseClass - fade in animation button is displayed
10:57:02.861 [main] INFO  com.nagarro.nagp.appium.baseClass.BaseClass - Going to click fade in animation button
10:57:04.087 [main] INFO  com.nagarro.nagp.appium.baseClass.BaseClass - launching the emulator
10:57:06.814 [main] INFO  com.nagarro.nagp.appium.baseClass.BaseClass - Emulator is launched successfully with the given capabilities
10:57:14.974 [main] INFO  com.nagarro.nagp.appium.baseClass.BaseClass - Entered into isHomePageDisplayed method
10:57:21.414 [main] INFO  com.nagarro.nagp.appium.baseClass.BaseClass - welcome text message is displayed
10:57:22.008 [main] INFO  com.nagarro.nagp.appium.baseClass.BaseClass - launching the emulator
10:57:24.395 [main] INFO  com.nagarro.nagp.appium.baseClass.BaseClass - Emulator is launched successfully with the given capabilities
10:57:32.661 [main] INFO  com.nagarro.nagp.appium.baseClass.BaseClass - Entered into closeApp method
10:57:39.337 [main] INFO  com.nagarro.nagp.appium.baseClass.BaseClass - Going to click option button
10:57:39.532 [main] INFO  com.nagarro.nagp.appium.baseClass.BaseClass - option button is clicked
10:57:40.985 [main] INFO  com.nagarro.nagp.appium.baseClass.BaseClass - going to click on exit button  
10:57:42.028 [main] INFO  com.nagarro.nagp.appium.baseClass.BaseClass - exit  button is clicked
10:57:43.839 [main] INFO  com.nagarro.nagp.appium.baseClass.BaseClass - launching the emulator
10:57:46.308 [main] INFO  com.nagarro.nagp.appium.baseClass.BaseClass - Emulator is launched successfully with the given capabilities
10:57:54.434 [main] INFO  com.nagarro.nagp.appium.baseClass.BaseClass - Entered into selectAndroidUIDesign method
10:58:01.449 [main] INFO  com.nagarro.nagp.appium.baseClass.BaseClass - androidUiDesignBtn button is clicked
10:58:01.547 [main] INFO  com.nagarro.nagp.appium.baseClass.BaseClass - Entered into clickListViewSubMenu method
10:58:04.230 [main] INFO  com.nagarro.nagp.appium.baseClass.BaseClass - Going to click list view sub menu button
10:58:36.737 [main] INFO  com.nagarro.nagp.appium.baseClass.BaseClass - launching the emulator
10:58:39.434 [main] INFO  com.nagarro.nagp.appium.baseClass.BaseClass - Emulator is launched successfully with the given capabilities
10:58:47.604 [main] INFO  com.nagarro.nagp.appium.baseClass.BaseClass - Entered into selectAndroidUIDesign method
10:58:53.951 [main] INFO  com.nagarro.nagp.appium.baseClass.BaseClass - androidUiDesignBtn button is clicked
10:58:54.048 [main] INFO  com.nagarro.nagp.appium.baseClass.BaseClass - Entered into clickPopUpSubMenu method
10:58:55.640 [main] INFO  com.nagarro.nagp.appium.baseClass.BaseClass - Going to click pop-up sub menu button
10:58:56.999 [main] INFO  com.nagarro.nagp.appium.baseClass.BaseClass - popup menu option is clicked
10:58:57.392 [main] INFO  com.nagarro.nagp.appium.baseClass.BaseClass - Entered into isPopUpOptionsDisplayed method
10:58:58.220 [main] INFO  com.nagarro.nagp.appium.baseClass.BaseClass - Both popup options are displayed
10:58:58.910 [main] INFO  com.nagarro.nagp.appium.baseClass.BaseClass - Entered into selectQuickActionMenuOption method
10:58:59.321 [main] INFO  com.nagarro.nagp.appium.baseClass.BaseClass - Going to click on quick action option
10:58:59.549 [main] INFO  com.nagarro.nagp.appium.baseClass.BaseClass - clicked quick action
10:59:00.250 [main] INFO  com.nagarro.nagp.appium.baseClass.BaseClass - Entered into isBillaMenuItemDisplayed method
10:59:01.601 [main] INFO  com.nagarro.nagp.appium.baseClass.BaseClass - Going to click on bill QuickAction Option button
10:59:02.910 [main] INFO  com.nagarro.nagp.appium.baseClass.BaseClass - clicked on bill QuickAction Option button
10:59:04.189 [main] INFO  com.nagarro.nagp.appium.baseClass.BaseClass - launching the emulator
10:59:06.823 [main] INFO  com.nagarro.nagp.appium.baseClass.BaseClass - Emulator is launched successfully with the given capabilities
10:59:15.669 [main] INFO  com.nagarro.nagp.appium.baseClass.BaseClass - Entered into selectAndroidUIDesign method
10:59:22.138 [main] INFO  com.nagarro.nagp.appium.baseClass.BaseClass - androidUiDesignBtn button is clicked
10:59:22.307 [main] INFO  com.nagarro.nagp.appium.baseClass.BaseClass - Entered into clickPopUpSubMenu method
10:59:24.416 [main] INFO  com.nagarro.nagp.appium.baseClass.BaseClass - Going to click pop-up sub menu button
10:59:26.160 [main] INFO  com.nagarro.nagp.appium.baseClass.BaseClass - popup menu option is clicked
10:59:26.796 [main] INFO  com.nagarro.nagp.appium.baseClass.BaseClass - Entered into isPopUpOptionsDisplayed method
10:59:27.609 [main] INFO  com.nagarro.nagp.appium.baseClass.BaseClass - Both popup options are displayed
10:59:28.115 [main] INFO  com.nagarro.nagp.appium.baseClass.BaseClass - Entered into selectPopUpMenuOption method
10:59:28.373 [main] INFO  com.nagarro.nagp.appium.baseClass.BaseClass - Going to click on pop-up option button
10:59:28.498 [main] INFO  com.nagarro.nagp.appium.baseClass.BaseClass - clicked on pop-up option 
10:59:29.269 [main] INFO  com.nagarro.nagp.appium.baseClass.BaseClass - Entered into isMusicPlayerItemsDisplayed method
12:26:17.990 [main] INFO  com.nagarro.nagp.appium.baseClass.BaseClass - launching the emulator
12:26:20.456 [main] INFO  com.nagarro.nagp.appium.baseClass.BaseClass - Emulator is launched successfully with the given capabilities
12:26:31.730 [main] INFO  com.nagarro.nagp.appium.baseClass.BaseClass - Entered into selectAndroidUIDesign method
12:26:38.846 [main] INFO  com.nagarro.nagp.appium.baseClass.BaseClass - androidUiDesignBtn button is clicked
12:26:39.005 [main] INFO  com.nagarro.nagp.appium.baseClass.BaseClass - Entered into clickAnimationSubMenu method
12:26:42.208 [main] INFO  com.nagarro.nagp.appium.baseClass.BaseClass - Going to click animation sub menu button
12:26:45.410 [main] INFO  com.nagarro.nagp.appium.baseClass.BaseClass - Entered into isFadeInAnimationsListDisplayed method
12:26:46.341 [main] INFO  com.nagarro.nagp.appium.baseClass.BaseClass - fade in animation button is displayed
12:26:46.578 [main] INFO  com.nagarro.nagp.appium.baseClass.BaseClass - Going to click fade in animation button
12:26:48.570 [main] INFO  com.nagarro.nagp.appium.baseClass.BaseClass - launching the emulator
12:26:51.862 [main] INFO  com.nagarro.nagp.appium.baseClass.BaseClass - Emulator is launched successfully with the given capabilities
12:27:01.154 [main] INFO  com.nagarro.nagp.appium.baseClass.BaseClass - Entered into isHomePageDisplayed method
12:27:07.900 [main] INFO  com.nagarro.nagp.appium.baseClass.BaseClass - welcome text message is displayed
12:27:09.079 [main] INFO  com.nagarro.nagp.appium.baseClass.BaseClass - launching the emulator
12:27:11.560 [main] INFO  com.nagarro.nagp.appium.baseClass.BaseClass - Emulator is launched successfully with the given capabilities
12:27:22.718 [main] INFO  com.nagarro.nagp.appium.baseClass.BaseClass - Entered into closeApp method
12:27:29.514 [main] INFO  com.nagarro.nagp.appium.baseClass.BaseClass - Going to click option button
12:27:29.798 [main] INFO  com.nagarro.nagp.appium.baseClass.BaseClass - option button is clicked
12:27:31.225 [main] INFO  com.nagarro.nagp.appium.baseClass.BaseClass - going to click on exit button  
12:27:32.813 [main] INFO  com.nagarro.nagp.appium.baseClass.BaseClass - exit  button is clicked
12:27:34.818 [main] INFO  com.nagarro.nagp.appium.baseClass.BaseClass - launching the emulator
12:27:37.387 [main] INFO  com.nagarro.nagp.appium.baseClass.BaseClass - Emulator is launched successfully with the given capabilities
12:27:45.504 [main] INFO  com.nagarro.nagp.appium.baseClass.BaseClass - Entered into selectAndroidUIDesign method
12:28:46.692 [main] INFO  com.nagarro.nagp.appium.baseClass.BaseClass - launching the emulator
12:28:49.081 [main] INFO  com.nagarro.nagp.appium.baseClass.BaseClass - Emulator is launched successfully with the given capabilities
12:28:56.667 [main] INFO  com.nagarro.nagp.appium.baseClass.BaseClass - Entered into selectAndroidUIDesign method
12:29:03.186 [main] INFO  com.nagarro.nagp.appium.baseClass.BaseClass - androidUiDesignBtn button is clicked
12:29:03.338 [main] INFO  com.nagarro.nagp.appium.baseClass.BaseClass - Entered into clickPopUpSubMenu method
12:29:05.389 [main] INFO  com.nagarro.nagp.appium.baseClass.BaseClass - Going to click pop-up sub menu button
12:29:06.938 [main] INFO  com.nagarro.nagp.appium.baseClass.BaseClass - popup menu option is clicked
12:29:07.518 [main] INFO  com.nagarro.nagp.appium.baseClass.BaseClass - Entered into isPopUpOptionsDisplayed method
12:29:08.071 [main] INFO  com.nagarro.nagp.appium.baseClass.BaseClass - Both popup options are displayed
12:29:08.510 [main] INFO  com.nagarro.nagp.appium.baseClass.BaseClass - Entered into selectQuickActionMenuOption method
12:29:08.801 [main] INFO  com.nagarro.nagp.appium.baseClass.BaseClass - Going to click on quick action option
12:29:08.961 [main] INFO  com.nagarro.nagp.appium.baseClass.BaseClass - clicked quick action
12:29:09.480 [main] INFO  com.nagarro.nagp.appium.baseClass.BaseClass - Entered into isBillaMenuItemDisplayed method
12:29:10.793 [main] INFO  com.nagarro.nagp.appium.baseClass.BaseClass - Going to click on bill QuickAction Option button
12:29:12.179 [main] INFO  com.nagarro.nagp.appium.baseClass.BaseClass - clicked on bill QuickAction Option button
12:29:13.717 [main] INFO  com.nagarro.nagp.appium.baseClass.BaseClass - launching the emulator
12:29:16.508 [main] INFO  com.nagarro.nagp.appium.baseClass.BaseClass - Emulator is launched successfully with the given capabilities
12:29:27.191 [main] INFO  com.nagarro.nagp.appium.baseClass.BaseClass - Entered into selectAndroidUIDesign method
12:29:33.820 [main] INFO  com.nagarro.nagp.appium.baseClass.BaseClass - androidUiDesignBtn button is clicked
12:29:34.049 [main] INFO  com.nagarro.nagp.appium.baseClass.BaseClass - Entered into clickPopUpSubMenu method
12:29:36.989 [main] INFO  com.nagarro.nagp.appium.baseClass.BaseClass - Going to click pop-up sub menu button
12:29:38.706 [main] INFO  com.nagarro.nagp.appium.baseClass.BaseClass - popup menu option is clicked
12:29:39.553 [main] INFO  com.nagarro.nagp.appium.baseClass.BaseClass - Entered into isPopUpOptionsDisplayed method
12:29:40.475 [main] INFO  com.nagarro.nagp.appium.baseClass.BaseClass - Both popup options are displayed
12:29:41.209 [main] INFO  com.nagarro.nagp.appium.baseClass.BaseClass - Entered into selectPopUpMenuOption method
12:29:41.723 [main] INFO  com.nagarro.nagp.appium.baseClass.BaseClass - Going to click on pop-up option button
12:29:42.262 [main] INFO  com.nagarro.nagp.appium.baseClass.BaseClass - clicked on pop-up option 
12:29:43.864 [main] INFO  com.nagarro.nagp.appium.baseClass.BaseClass - Entered into isMusicPlayerItemsDisplayed method
12:30:40.743 [main] INFO  com.nagarro.nagp.appium.baseClass.BaseClass - launching the emulator
12:30:43.165 [main] INFO  com.nagarro.nagp.appium.baseClass.BaseClass - Emulator is launched successfully with the given capabilities
12:30:51.695 [main] INFO  com.nagarro.nagp.appium.baseClass.BaseClass - Entered into selectAndroidUIDesign method
12:30:57.634 [main] INFO  com.nagarro.nagp.appium.baseClass.BaseClass - androidUiDesignBtn button is clicked
12:30:57.731 [main] INFO  com.nagarro.nagp.appium.baseClass.BaseClass - Entered into clickListViewSubMenu method
12:30:59.600 [main] INFO  com.nagarro.nagp.appium.baseClass.BaseClass - Going to click list view sub menu button
12:31:01.364 [main] INFO  com.nagarro.nagp.appium.baseClass.BaseClass - clicked list view sub menu button
12:31:01.364 [main] INFO  com.nagarro.nagp.appium.baseClass.BaseClass - Entered into isSearchableListViewDisplayed method
12:31:02.166 [main] INFO  com.nagarro.nagp.appium.baseClass.BaseClass - going to click searchable list view button
12:31:02.356 [main] INFO  com.nagarro.nagp.appium.baseClass.BaseClass -  searchable list view button is clicked
12:31:03.012 [main] INFO  com.nagarro.nagp.appium.baseClass.BaseClass - Entered into isAbleToSearchCountry method for :India
12:31:04.916 [main] INFO  com.nagarro.nagp.appium.baseClass.BaseClass - Going to click search country button
12:31:05.502 [main] INFO  com.nagarro.nagp.appium.baseClass.BaseClass - going to enter country name India
12:31:06.251 [main] INFO  com.nagarro.nagp.appium.baseClass.BaseClass - country name India is entered
12:31:07.263 [main] INFO  com.nagarro.nagp.appium.baseClass.BaseClass - Entered country India is same as expected
12:32:37.691 [main] INFO  com.nagarro.nagp.appium.baseClass.BaseClass - launching the emulator
12:32:40.328 [main] INFO  com.nagarro.nagp.appium.baseClass.BaseClass - Emulator is launched successfully with the given capabilities
12:32:49.377 [main] INFO  com.nagarro.nagp.appium.baseClass.BaseClass - Entered into selectAndroidUIDesign method
12:32:55.732 [main] INFO  com.nagarro.nagp.appium.baseClass.BaseClass - androidUiDesignBtn button is clicked
12:32:55.840 [main] INFO  com.nagarro.nagp.appium.baseClass.BaseClass - Entered into clickAnimationSubMenu method
12:32:57.528 [main] INFO  com.nagarro.nagp.appium.baseClass.BaseClass - Going to click animation sub menu button
12:32:59.482 [main] INFO  com.nagarro.nagp.appium.baseClass.BaseClass - Entered into isFadeInAnimationsListDisplayed method
12:33:00.003 [main] INFO  com.nagarro.nagp.appium.baseClass.BaseClass - fade in animation button is displayed
12:33:00.189 [main] INFO  com.nagarro.nagp.appium.baseClass.BaseClass - Going to click fade in animation button
12:33:01.404 [main] INFO  com.nagarro.nagp.appium.baseClass.BaseClass - launching the emulator
12:33:03.955 [main] INFO  com.nagarro.nagp.appium.baseClass.BaseClass - Emulator is launched successfully with the given capabilities
12:33:11.531 [main] INFO  com.nagarro.nagp.appium.baseClass.BaseClass - Entered into isHomePageDisplayed method
12:33:18.130 [main] INFO  com.nagarro.nagp.appium.baseClass.BaseClass - welcome text message is displayed
12:33:18.726 [main] INFO  com.nagarro.nagp.appium.baseClass.BaseClass - launching the emulator
12:33:21.161 [main] INFO  com.nagarro.nagp.appium.baseClass.BaseClass - Emulator is launched successfully with the given capabilities
12:33:28.324 [main] INFO  com.nagarro.nagp.appium.baseClass.BaseClass - Entered into closeApp method
12:33:34.970 [main] INFO  com.nagarro.nagp.appium.baseClass.BaseClass - Going to click option button
12:33:35.096 [main] INFO  com.nagarro.nagp.appium.baseClass.BaseClass - option button is clicked
12:33:36.286 [main] INFO  com.nagarro.nagp.appium.baseClass.BaseClass - going to click on exit button  
12:33:37.180 [main] INFO  com.nagarro.nagp.appium.baseClass.BaseClass - exit  button is clicked
12:33:39.003 [main] INFO  com.nagarro.nagp.appium.baseClass.BaseClass - launching the emulator
12:33:41.427 [main] INFO  com.nagarro.nagp.appium.baseClass.BaseClass - Emulator is launched successfully with the given capabilities
12:33:48.803 [main] INFO  com.nagarro.nagp.appium.baseClass.BaseClass - Entered into selectAndroidUIDesign method
12:33:55.384 [main] INFO  com.nagarro.nagp.appium.baseClass.BaseClass - androidUiDesignBtn button is clicked
12:33:55.569 [main] INFO  com.nagarro.nagp.appium.baseClass.BaseClass - Entered into clickListViewSubMenu method
12:33:57.677 [main] INFO  com.nagarro.nagp.appium.baseClass.BaseClass - Going to click list view sub menu button
12:33:59.202 [main] INFO  com.nagarro.nagp.appium.baseClass.BaseClass - clicked list view sub menu button
12:33:59.204 [main] INFO  com.nagarro.nagp.appium.baseClass.BaseClass - Entered into isSearchableListViewDisplayed method
12:34:00.082 [main] INFO  com.nagarro.nagp.appium.baseClass.BaseClass - going to click searchable list view button
12:34:00.348 [main] INFO  com.nagarro.nagp.appium.baseClass.BaseClass -  searchable list view button is clicked
12:34:01.444 [main] INFO  com.nagarro.nagp.appium.baseClass.BaseClass - Entered into isAbleToSearchCountry method for :India
12:35:33.134 [main] INFO  com.nagarro.nagp.appium.baseClass.BaseClass - launching the emulator
12:35:35.408 [main] INFO  com.nagarro.nagp.appium.baseClass.BaseClass - Emulator is launched successfully with the given capabilities
12:35:40.765 [main] INFO  com.nagarro.nagp.appium.baseClass.BaseClass - Entered into selectAndroidUIDesign method
12:35:47.330 [main] INFO  com.nagarro.nagp.appium.baseClass.BaseClass - androidUiDesignBtn button is clicked
12:35:47.416 [main] INFO  com.nagarro.nagp.appium.baseClass.BaseClass - Entered into clickPopUpSubMenu method
12:35:48.800 [main] INFO  com.nagarro.nagp.appium.baseClass.BaseClass - Going to click pop-up sub menu button
12:35:50.096 [main] INFO  com.nagarro.nagp.appium.baseClass.BaseClass - popup menu option is clicked
12:35:50.359 [main] INFO  com.nagarro.nagp.appium.baseClass.BaseClass - Entered into isPopUpOptionsDisplayed method
12:35:50.946 [main] INFO  com.nagarro.nagp.appium.baseClass.BaseClass - Both popup options are displayed
12:35:51.322 [main] INFO  com.nagarro.nagp.appium.baseClass.BaseClass - Entered into selectQuickActionMenuOption method
12:35:51.586 [main] INFO  com.nagarro.nagp.appium.baseClass.BaseClass - Going to click on quick action option
12:35:51.789 [main] INFO  com.nagarro.nagp.appium.baseClass.BaseClass - clicked quick action
12:35:52.805 [main] INFO  com.nagarro.nagp.appium.baseClass.BaseClass - Entered into isBillaMenuItemDisplayed method
12:35:53.881 [main] INFO  com.nagarro.nagp.appium.baseClass.BaseClass - Going to click on bill QuickAction Option button
12:35:55.263 [main] INFO  com.nagarro.nagp.appium.baseClass.BaseClass - clicked on bill QuickAction Option button
12:35:56.549 [main] INFO  com.nagarro.nagp.appium.baseClass.BaseClass - launching the emulator
12:35:59.511 [main] INFO  com.nagarro.nagp.appium.baseClass.BaseClass - Emulator is launched successfully with the given capabilities
12:36:09.357 [main] INFO  com.nagarro.nagp.appium.baseClass.BaseClass - Entered into selectAndroidUIDesign method
12:36:15.882 [main] INFO  com.nagarro.nagp.appium.baseClass.BaseClass - androidUiDesignBtn button is clicked
12:36:16.037 [main] INFO  com.nagarro.nagp.appium.baseClass.BaseClass - Entered into clickPopUpSubMenu method
12:36:17.755 [main] INFO  com.nagarro.nagp.appium.baseClass.BaseClass - Going to click pop-up sub menu button
12:36:19.274 [main] INFO  com.nagarro.nagp.appium.baseClass.BaseClass - popup menu option is clicked
12:36:19.745 [main] INFO  com.nagarro.nagp.appium.baseClass.BaseClass - Entered into isPopUpOptionsDisplayed method
12:36:20.360 [main] INFO  com.nagarro.nagp.appium.baseClass.BaseClass - Both popup options are displayed
12:36:20.900 [main] INFO  com.nagarro.nagp.appium.baseClass.BaseClass - Entered into selectPopUpMenuOption method
12:36:21.142 [main] INFO  com.nagarro.nagp.appium.baseClass.BaseClass - Going to click on pop-up option button
12:36:21.293 [main] INFO  com.nagarro.nagp.appium.baseClass.BaseClass - clicked on pop-up option 
12:36:21.997 [main] INFO  com.nagarro.nagp.appium.baseClass.BaseClass - Entered into isMusicPlayerItemsDisplayed method
14:38:43.151 [main] INFO  com.nagarro.nagp.appium.baseClass.BaseClass - launching the emulator
14:38:45.950 [main] INFO  com.nagarro.nagp.appium.baseClass.BaseClass - Emulator is launched successfully with the given capabilities
14:38:59.246 [main] INFO  com.nagarro.nagp.appium.baseClass.BaseClass - Entered into selectAndroidUIDesign method
14:39:05.127 [main] INFO  com.nagarro.nagp.appium.baseClass.BaseClass - androidUiDesignBtn button is clicked
14:39:05.309 [main] INFO  com.nagarro.nagp.appium.baseClass.BaseClass - Entered into clickAnimationSubMenu method
14:39:07.210 [main] INFO  com.nagarro.nagp.appium.baseClass.BaseClass - Going to click animation sub menu button
14:39:08.926 [main] INFO  com.nagarro.nagp.appium.baseClass.BaseClass - Entered into isFadeInAnimationsListDisplayed method
14:39:09.369 [main] INFO  com.nagarro.nagp.appium.baseClass.BaseClass - fade in animation button is displayed
14:39:09.493 [main] INFO  com.nagarro.nagp.appium.baseClass.BaseClass - Going to click fade in animation button
14:39:10.061 [main] INFO  com.nagarro.nagp.appium.baseClass.BaseClass - launching the emulator
14:39:12.445 [main] INFO  com.nagarro.nagp.appium.baseClass.BaseClass - Emulator is launched successfully with the given capabilities
14:39:20.503 [main] INFO  com.nagarro.nagp.appium.baseClass.BaseClass - Entered into isHomePageDisplayed method
14:39:27.611 [main] INFO  com.nagarro.nagp.appium.baseClass.BaseClass - welcome text message is displayed
14:39:29.257 [main] INFO  com.nagarro.nagp.appium.baseClass.BaseClass - launching the emulator
14:39:32.051 [main] INFO  com.nagarro.nagp.appium.baseClass.BaseClass - Emulator is launched successfully with the given capabilities
14:39:40.011 [main] INFO  com.nagarro.nagp.appium.baseClass.BaseClass - Entered into closeApp method
14:39:46.630 [main] INFO  com.nagarro.nagp.appium.baseClass.BaseClass - Going to click option button
14:39:46.817 [main] INFO  com.nagarro.nagp.appium.baseClass.BaseClass - option button is clicked
14:39:48.298 [main] INFO  com.nagarro.nagp.appium.baseClass.BaseClass - going to click on exit button  
14:39:48.493 [main] INFO  com.nagarro.nagp.appium.baseClass.BaseClass - exit  button is clicked
14:39:50.697 [main] INFO  com.nagarro.nagp.appium.baseClass.BaseClass - launching the emulator
14:39:53.035 [main] INFO  com.nagarro.nagp.appium.baseClass.BaseClass - Emulator is launched successfully with the given capabilities
14:40:00.308 [main] INFO  com.nagarro.nagp.appium.baseClass.BaseClass - Entered into selectAndroidUIDesign method
14:40:06.804 [main] INFO  com.nagarro.nagp.appium.baseClass.BaseClass - androidUiDesignBtn button is clicked
14:40:06.913 [main] INFO  com.nagarro.nagp.appium.baseClass.BaseClass - Entered into clickListViewSubMenu method
14:40:08.366 [main] INFO  com.nagarro.nagp.appium.baseClass.BaseClass - Going to click list view sub menu button
14:40:09.836 [main] INFO  com.nagarro.nagp.appium.baseClass.BaseClass - clicked list view sub menu button
14:40:09.836 [main] INFO  com.nagarro.nagp.appium.baseClass.BaseClass - Entered into isSearchableListViewDisplayed method
14:41:47.580 [main] INFO  com.nagarro.nagp.appium.baseClass.BaseClass - launching the emulator
14:41:49.925 [main] INFO  com.nagarro.nagp.appium.baseClass.BaseClass - Emulator is launched successfully with the given capabilities
14:41:55.848 [main] INFO  com.nagarro.nagp.appium.baseClass.BaseClass - Entered into selectAndroidUIDesign method
14:42:02.283 [main] INFO  com.nagarro.nagp.appium.baseClass.BaseClass - androidUiDesignBtn button is clicked
14:42:02.369 [main] INFO  com.nagarro.nagp.appium.baseClass.BaseClass - Entered into clickPopUpSubMenu method
14:42:03.753 [main] INFO  com.nagarro.nagp.appium.baseClass.BaseClass - Going to click pop-up sub menu button
14:42:05.185 [main] INFO  com.nagarro.nagp.appium.baseClass.BaseClass - popup menu option is clicked
14:42:05.460 [main] INFO  com.nagarro.nagp.appium.baseClass.BaseClass - Entered into isPopUpOptionsDisplayed method
14:42:06.033 [main] INFO  com.nagarro.nagp.appium.baseClass.BaseClass - Both popup options are displayed
14:42:06.460 [main] INFO  com.nagarro.nagp.appium.baseClass.BaseClass - Entered into selectQuickActionMenuOption method
14:42:06.686 [main] INFO  com.nagarro.nagp.appium.baseClass.BaseClass - Going to click on quick action option
14:42:06.818 [main] INFO  com.nagarro.nagp.appium.baseClass.BaseClass - clicked quick action
14:42:07.445 [main] INFO  com.nagarro.nagp.appium.baseClass.BaseClass - Entered into isBillaMenuItemDisplayed method
14:42:08.287 [main] INFO  com.nagarro.nagp.appium.baseClass.BaseClass - Going to click on bill QuickAction Option button
14:42:09.504 [main] INFO  com.nagarro.nagp.appium.baseClass.BaseClass - clicked on bill QuickAction Option button
14:42:10.304 [main] INFO  com.nagarro.nagp.appium.baseClass.BaseClass - launching the emulator
14:42:12.905 [main] INFO  com.nagarro.nagp.appium.baseClass.BaseClass - Emulator is launched successfully with the given capabilities
14:42:21.050 [main] INFO  com.nagarro.nagp.appium.baseClass.BaseClass - Entered into selectAndroidUIDesign method
14:42:27.566 [main] INFO  com.nagarro.nagp.appium.baseClass.BaseClass - androidUiDesignBtn button is clicked
14:42:27.655 [main] INFO  com.nagarro.nagp.appium.baseClass.BaseClass - Entered into clickPopUpSubMenu method
14:42:28.946 [main] INFO  com.nagarro.nagp.appium.baseClass.BaseClass - Going to click pop-up sub menu button
14:42:30.279 [main] INFO  com.nagarro.nagp.appium.baseClass.BaseClass - popup menu option is clicked
14:42:30.768 [main] INFO  com.nagarro.nagp.appium.baseClass.BaseClass - Entered into isPopUpOptionsDisplayed method
14:42:31.376 [main] INFO  com.nagarro.nagp.appium.baseClass.BaseClass - Both popup options are displayed
14:42:31.903 [main] INFO  com.nagarro.nagp.appium.baseClass.BaseClass - Entered into selectPopUpMenuOption method
14:42:32.170 [main] INFO  com.nagarro.nagp.appium.baseClass.BaseClass - Going to click on pop-up option button
14:42:32.343 [main] INFO  com.nagarro.nagp.appium.baseClass.BaseClass - clicked on pop-up option 
14:42:32.931 [main] INFO  com.nagarro.nagp.appium.baseClass.BaseClass - Entered into isMusicPlayerItemsDisplayed method
19:39:57.964 [main] INFO  com.nagarro.nagp.appium.baseClass.BaseClass - launching the emulator
19:40:00.417 [main] INFO  com.nagarro.nagp.appium.baseClass.BaseClass - Emulator is launched successfully with the given capabilities
19:40:09.151 [main] INFO  com.nagarro.nagp.appium.baseClass.BaseClass - Entered into selectAndroidUIDesign method
19:40:15.492 [main] INFO  com.nagarro.nagp.appium.baseClass.BaseClass - androidUiDesignBtn button is clicked
19:40:15.580 [main] INFO  com.nagarro.nagp.appium.baseClass.BaseClass - Entered into clickViewFlowSubMenu method
19:40:17.152 [main] INFO  com.nagarro.nagp.appium.baseClass.BaseClass - Going to click list view flow sub menu button
19:40:18.630 [main] INFO  com.nagarro.nagp.appium.baseClass.BaseClass - clicked view flow ub menu button
19:40:19.003 [main] INFO  com.nagarro.nagp.appium.baseClass.BaseClass - Entered into isAllViewFlowbtnDisplayed method
19:40:20.039 [main] INFO  com.nagarro.nagp.appium.baseClass.BaseClass - launching the emulator
19:40:22.356 [main] INFO  com.nagarro.nagp.appium.baseClass.BaseClass - Emulator is launched successfully with the given capabilities
19:40:28.440 [main] INFO  com.nagarro.nagp.appium.baseClass.BaseClass - Entered into selectAndroidUIDesign method
19:40:34.976 [main] INFO  com.nagarro.nagp.appium.baseClass.BaseClass - androidUiDesignBtn button is clicked
19:40:35.065 [main] INFO  com.nagarro.nagp.appium.baseClass.BaseClass - Entered into clickViewFlowSubMenu method
19:40:36.414 [main] INFO  com.nagarro.nagp.appium.baseClass.BaseClass - Going to click list view flow sub menu button
19:40:37.800 [main] INFO  com.nagarro.nagp.appium.baseClass.BaseClass - clicked view flow ub menu button
19:40:38.070 [main] INFO  com.nagarro.nagp.appium.baseClass.BaseClass - Entered into isAllViewFlowbtnDisplayed method
19:40:38.901 [main] INFO  com.nagarro.nagp.appium.baseClass.BaseClass - launching the emulator
19:40:41.224 [main] INFO  com.nagarro.nagp.appium.baseClass.BaseClass - Emulator is launched successfully with the given capabilities
19:40:46.758 [main] INFO  com.nagarro.nagp.appium.baseClass.BaseClass - Entered into selectAndroidUIDesign method
19:47:08.641 [main] INFO  com.nagarro.nagp.appium.baseClass.BaseClass - launching the emulator
19:47:11.147 [main] INFO  com.nagarro.nagp.appium.baseClass.BaseClass - Emulator is launched successfully with the given capabilities
19:47:20.676 [main] INFO  com.nagarro.nagp.appium.baseClass.BaseClass - Entered into selectAndroidUIDesign method
19:47:26.929 [main] INFO  com.nagarro.nagp.appium.baseClass.BaseClass - androidUiDesignBtn button is clicked
19:47:26.999 [main] INFO  com.nagarro.nagp.appium.baseClass.BaseClass - Entered into clickAnimationSubMenu method
19:47:28.169 [main] INFO  com.nagarro.nagp.appium.baseClass.BaseClass - Going to click animation sub menu button
19:47:29.757 [main] INFO  com.nagarro.nagp.appium.baseClass.BaseClass - Entered into isFadeInAnimationsListDisplayed method
19:47:30.222 [main] INFO  com.nagarro.nagp.appium.baseClass.BaseClass - fade in animation button is displayed
19:47:30.304 [main] INFO  com.nagarro.nagp.appium.baseClass.BaseClass - Going to click fade in animation button
19:47:30.780 [main] INFO  com.nagarro.nagp.appium.baseClass.BaseClass - launching the emulator
19:47:33.079 [main] INFO  com.nagarro.nagp.appium.baseClass.BaseClass - Emulator is launched successfully with the given capabilities
19:47:38.831 [main] INFO  com.nagarro.nagp.appium.baseClass.BaseClass - Entered into isHomePageDisplayed method
19:47:45.391 [main] INFO  com.nagarro.nagp.appium.baseClass.BaseClass - welcome text message is displayed
19:47:45.754 [main] INFO  com.nagarro.nagp.appium.baseClass.BaseClass - launching the emulator
19:47:48.042 [main] INFO  com.nagarro.nagp.appium.baseClass.BaseClass - Emulator is launched successfully with the given capabilities
19:47:53.489 [main] INFO  com.nagarro.nagp.appium.baseClass.BaseClass - Entered into closeApp method
19:48:00.090 [main] INFO  com.nagarro.nagp.appium.baseClass.BaseClass - Going to click option button
19:48:00.201 [main] INFO  com.nagarro.nagp.appium.baseClass.BaseClass - option button is clicked
19:48:01.385 [main] INFO  com.nagarro.nagp.appium.baseClass.BaseClass - going to click on exit button  
19:48:02.288 [main] INFO  com.nagarro.nagp.appium.baseClass.BaseClass - exit  button is clicked
19:48:03.158 [main] INFO  com.nagarro.nagp.appium.baseClass.BaseClass - launching the emulator
19:48:05.426 [main] INFO  com.nagarro.nagp.appium.baseClass.BaseClass - Emulator is launched successfully with the given capabilities
19:48:10.721 [main] INFO  com.nagarro.nagp.appium.baseClass.BaseClass - Entered into selectAndroidUIDesign method
19:48:17.148 [main] INFO  com.nagarro.nagp.appium.baseClass.BaseClass - androidUiDesignBtn button is clicked
19:48:17.253 [main] INFO  com.nagarro.nagp.appium.baseClass.BaseClass - Entered into clickListViewSubMenu method
19:48:18.542 [main] INFO  com.nagarro.nagp.appium.baseClass.BaseClass - Going to click list view sub menu button
19:48:19.926 [main] INFO  com.nagarro.nagp.appium.baseClass.BaseClass - clicked list view sub menu button
19:48:19.926 [main] INFO  com.nagarro.nagp.appium.baseClass.BaseClass - Entered into isSearchableListViewDisplayed method
19:48:20.563 [main] INFO  com.nagarro.nagp.appium.baseClass.BaseClass - going to click searchable list view button
19:48:20.701 [main] INFO  com.nagarro.nagp.appium.baseClass.BaseClass -  searchable list view button is clicked
19:48:21.134 [main] INFO  com.nagarro.nagp.appium.baseClass.BaseClass - Entered into isAbleToSearchCountry method for :India
19:48:23.152 [main] INFO  com.nagarro.nagp.appium.baseClass.BaseClass - Going to click search country button
19:48:23.732 [main] INFO  com.nagarro.nagp.appium.baseClass.BaseClass - going to enter country name India
19:48:24.500 [main] INFO  com.nagarro.nagp.appium.baseClass.BaseClass - country name India is entered
19:48:25.543 [main] INFO  com.nagarro.nagp.appium.baseClass.BaseClass - Entered country India is same as expected
19:48:25.861 [main] INFO  com.nagarro.nagp.appium.baseClass.BaseClass - launching the emulator
19:48:28.132 [main] INFO  com.nagarro.nagp.appium.baseClass.BaseClass - Emulator is launched successfully with the given capabilities
19:48:34.036 [main] INFO  com.nagarro.nagp.appium.baseClass.BaseClass - Entered into selectAndroidUIDesign method
19:48:40.494 [main] INFO  com.nagarro.nagp.appium.baseClass.BaseClass - androidUiDesignBtn button is clicked
19:48:40.571 [main] INFO  com.nagarro.nagp.appium.baseClass.BaseClass - Entered into clickPopUpSubMenu method
19:48:41.896 [main] INFO  com.nagarro.nagp.appium.baseClass.BaseClass - Going to click pop-up sub menu button
19:48:43.181 [main] INFO  com.nagarro.nagp.appium.baseClass.BaseClass - popup menu option is clicked
19:48:43.395 [main] INFO  com.nagarro.nagp.appium.baseClass.BaseClass - Entered into isPopUpOptionsDisplayed method
19:48:43.974 [main] INFO  com.nagarro.nagp.appium.baseClass.BaseClass - Both popup options are displayed
19:48:44.308 [main] INFO  com.nagarro.nagp.appium.baseClass.BaseClass - Entered into selectQuickActionMenuOption method
19:48:44.507 [main] INFO  com.nagarro.nagp.appium.baseClass.BaseClass - Going to click on quick action option
19:48:44.618 [main] INFO  com.nagarro.nagp.appium.baseClass.BaseClass - clicked quick action
19:48:44.998 [main] INFO  com.nagarro.nagp.appium.baseClass.BaseClass - Entered into isBillaMenuItemDisplayed method
19:48:47.800 [main] INFO  com.nagarro.nagp.appium.baseClass.BaseClass - launching the emulator
19:48:50.105 [main] INFO  com.nagarro.nagp.appium.baseClass.BaseClass - Emulator is launched successfully with the given capabilities
19:48:55.382 [main] INFO  com.nagarro.nagp.appium.baseClass.BaseClass - Entered into selectAndroidUIDesign method
19:49:01.854 [main] INFO  com.nagarro.nagp.appium.baseClass.BaseClass - androidUiDesignBtn button is clicked
19:49:01.942 [main] INFO  com.nagarro.nagp.appium.baseClass.BaseClass - Entered into clickPopUpSubMenu method
19:50:35.190 [main] INFO  com.nagarro.nagp.appium.baseClass.BaseClass - launching the emulator
19:50:37.449 [main] INFO  com.nagarro.nagp.appium.baseClass.BaseClass - Emulator is launched successfully with the given capabilities
19:50:42.710 [main] INFO  com.nagarro.nagp.appium.baseClass.BaseClass - Entered into selectAndroidUIDesign method
19:50:49.160 [main] INFO  com.nagarro.nagp.appium.baseClass.BaseClass - androidUiDesignBtn button is clicked
19:50:49.242 [main] INFO  com.nagarro.nagp.appium.baseClass.BaseClass - Entered into clickViewFlowSubMenu method
19:50:50.450 [main] INFO  com.nagarro.nagp.appium.baseClass.BaseClass - Going to click list view flow sub menu button
19:50:51.704 [main] INFO  com.nagarro.nagp.appium.baseClass.BaseClass - clicked view flow ub menu button
19:50:51.928 [main] INFO  com.nagarro.nagp.appium.baseClass.BaseClass - Entered into isAllViewFlowbtnDisplayed method
19:50:52.793 [main] INFO  com.nagarro.nagp.appium.baseClass.BaseClass - launching the emulator
19:50:55.028 [main] INFO  com.nagarro.nagp.appium.baseClass.BaseClass - Emulator is launched successfully with the given capabilities
19:51:00.348 [main] INFO  com.nagarro.nagp.appium.baseClass.BaseClass - Entered into selectAndroidUIDesign method
19:51:06.887 [main] INFO  com.nagarro.nagp.appium.baseClass.BaseClass - androidUiDesignBtn button is clicked
19:51:06.971 [main] INFO  com.nagarro.nagp.appium.baseClass.BaseClass - Entered into clickViewFlowSubMenu method
19:51:08.165 [main] INFO  com.nagarro.nagp.appium.baseClass.BaseClass - Going to click list view flow sub menu button
19:51:09.535 [main] INFO  com.nagarro.nagp.appium.baseClass.BaseClass - clicked view flow ub menu button
19:51:09.795 [main] INFO  com.nagarro.nagp.appium.baseClass.BaseClass - Entered into isAllViewFlowbtnDisplayed method
19:51:10.427 [main] INFO  com.nagarro.nagp.appium.baseClass.BaseClass - launching the emulator
19:51:12.674 [main] INFO  com.nagarro.nagp.appium.baseClass.BaseClass - Emulator is launched successfully with the given capabilities
19:51:17.992 [main] INFO  com.nagarro.nagp.appium.baseClass.BaseClass - Entered into selectAndroidUIDesign method
19:51:24.482 [main] INFO  com.nagarro.nagp.appium.baseClass.BaseClass - androidUiDesignBtn button is clicked
19:51:24.562 [main] INFO  com.nagarro.nagp.appium.baseClass.BaseClass - Entered into clickViewFlowSubMenu method
19:51:25.756 [main] INFO  com.nagarro.nagp.appium.baseClass.BaseClass - Going to click list view flow sub menu button
19:51:27.020 [main] INFO  com.nagarro.nagp.appium.baseClass.BaseClass - clicked view flow ub menu button
19:51:27.247 [main] INFO  com.nagarro.nagp.appium.baseClass.BaseClass - Entered into isAllViewFlowbtnDisplayed method
19:51:27.956 [main] INFO  com.nagarro.nagp.appium.baseClass.BaseClass - launching the emulator
19:51:30.223 [main] INFO  com.nagarro.nagp.appium.baseClass.BaseClass - Emulator is launched successfully with the given capabilities
19:51:36.924 [main] INFO  com.nagarro.nagp.appium.baseClass.BaseClass - Entered into selectAndroidUIDesign method
19:51:43.392 [main] INFO  com.nagarro.nagp.appium.baseClass.BaseClass - androidUiDesignBtn button is clicked
19:51:43.470 [main] INFO  com.nagarro.nagp.appium.baseClass.BaseClass - Entered into clickViewFlowSubMenu method
19:51:44.702 [main] INFO  com.nagarro.nagp.appium.baseClass.BaseClass - Going to click list view flow sub menu button
19:51:46.095 [main] INFO  com.nagarro.nagp.appium.baseClass.BaseClass - clicked view flow ub menu button
19:51:46.526 [main] INFO  com.nagarro.nagp.appium.baseClass.BaseClass - Entered into isAllViewFlowbtnDisplayed method
19:51:47.028 [main] INFO  com.nagarro.nagp.appium.baseClass.BaseClass - launching the emulator
19:51:49.347 [main] INFO  com.nagarro.nagp.appium.baseClass.BaseClass - Emulator is launched successfully with the given capabilities
19:51:54.993 [main] INFO  com.nagarro.nagp.appium.baseClass.BaseClass - Entered into selectAndroidUIDesign method
19:52:01.446 [main] INFO  com.nagarro.nagp.appium.baseClass.BaseClass - androidUiDesignBtn button is clicked
19:52:01.513 [main] INFO  com.nagarro.nagp.appium.baseClass.BaseClass - Entered into clickViewFlowSubMenu method
19:52:02.919 [main] INFO  com.nagarro.nagp.appium.baseClass.BaseClass - Going to click list view flow sub menu button
19:52:04.374 [main] INFO  com.nagarro.nagp.appium.baseClass.BaseClass - clicked view flow ub menu button
19:52:04.985 [main] INFO  com.nagarro.nagp.appium.baseClass.BaseClass - Entered into isAllViewFlowbtnDisplayed method
19:54:08.362 [main] INFO  com.nagarro.nagp.appium.baseClass.BaseClass - launching the emulator
19:54:10.746 [main] INFO  com.nagarro.nagp.appium.baseClass.BaseClass - Emulator is launched successfully with the given capabilities
19:54:16.035 [main] INFO  com.nagarro.nagp.appium.baseClass.BaseClass - Entered into selectAndroidUIDesign method
19:54:22.423 [main] INFO  com.nagarro.nagp.appium.baseClass.BaseClass - androidUiDesignBtn button is clicked
19:54:22.505 [main] INFO  com.nagarro.nagp.appium.baseClass.BaseClass - Entered into clickAnimationSubMenu method
19:54:23.763 [main] INFO  com.nagarro.nagp.appium.baseClass.BaseClass - Going to click animation sub menu button
19:54:25.423 [main] INFO  com.nagarro.nagp.appium.baseClass.BaseClass - Entered into isFadeInAnimationsListDisplayed method
19:54:25.983 [main] INFO  com.nagarro.nagp.appium.baseClass.BaseClass - fade in animation button is displayed
19:54:26.133 [main] INFO  com.nagarro.nagp.appium.baseClass.BaseClass - Going to click fade in animation button
19:54:26.595 [main] INFO  com.nagarro.nagp.appium.baseClass.BaseClass - launching the emulator
19:54:28.966 [main] INFO  com.nagarro.nagp.appium.baseClass.BaseClass - Emulator is launched successfully with the given capabilities
19:54:35.409 [main] INFO  com.nagarro.nagp.appium.baseClass.BaseClass - Entered into isHomePageDisplayed method
19:54:41.854 [main] INFO  com.nagarro.nagp.appium.baseClass.BaseClass - welcome text message is displayed
19:54:42.221 [main] INFO  com.nagarro.nagp.appium.baseClass.BaseClass - launching the emulator
19:54:44.484 [main] INFO  com.nagarro.nagp.appium.baseClass.BaseClass - Emulator is launched successfully with the given capabilities
19:54:50.118 [main] INFO  com.nagarro.nagp.appium.baseClass.BaseClass - Entered into closeApp method
19:54:56.642 [main] INFO  com.nagarro.nagp.appium.baseClass.BaseClass - Going to click option button
19:54:56.748 [main] INFO  com.nagarro.nagp.appium.baseClass.BaseClass - option button is clicked
19:54:57.878 [main] INFO  com.nagarro.nagp.appium.baseClass.BaseClass - going to click on exit button  
19:54:58.703 [main] INFO  com.nagarro.nagp.appium.baseClass.BaseClass - exit  button is clicked
19:54:59.749 [main] INFO  com.nagarro.nagp.appium.baseClass.BaseClass - launching the emulator
19:55:02.033 [main] INFO  com.nagarro.nagp.appium.baseClass.BaseClass - Emulator is launched successfully with the given capabilities
19:55:07.513 [main] INFO  com.nagarro.nagp.appium.baseClass.BaseClass - Entered into selectAndroidUIDesign method
19:55:13.979 [main] INFO  com.nagarro.nagp.appium.baseClass.BaseClass - androidUiDesignBtn button is clicked
19:55:14.062 [main] INFO  com.nagarro.nagp.appium.baseClass.BaseClass - Entered into clickListViewSubMenu method
19:55:15.289 [main] INFO  com.nagarro.nagp.appium.baseClass.BaseClass - Going to click list view sub menu button
19:55:16.648 [main] INFO  com.nagarro.nagp.appium.baseClass.BaseClass - clicked list view sub menu button
19:55:16.649 [main] INFO  com.nagarro.nagp.appium.baseClass.BaseClass - Entered into isSearchableListViewDisplayed method
19:55:17.607 [main] INFO  com.nagarro.nagp.appium.baseClass.BaseClass - going to click searchable list view button
19:55:17.821 [main] INFO  com.nagarro.nagp.appium.baseClass.BaseClass -  searchable list view button is clicked
19:55:18.651 [main] INFO  com.nagarro.nagp.appium.baseClass.BaseClass - Entered into isAbleToSearchCountry method for :India
19:55:19.253 [main] INFO  com.nagarro.nagp.appium.baseClass.BaseClass - Going to click search country button
19:55:19.468 [main] INFO  com.nagarro.nagp.appium.baseClass.BaseClass - going to enter country name India
19:55:21.891 [main] INFO  com.nagarro.nagp.appium.baseClass.BaseClass - country name India is entered
19:55:22.915 [main] INFO  com.nagarro.nagp.appium.baseClass.BaseClass - Entered country India is same as expected
19:55:23.248 [main] INFO  com.nagarro.nagp.appium.baseClass.BaseClass - launching the emulator
19:55:25.666 [main] INFO  com.nagarro.nagp.appium.baseClass.BaseClass - Emulator is launched successfully with the given capabilities
19:55:31.715 [main] INFO  com.nagarro.nagp.appium.baseClass.BaseClass - Entered into selectAndroidUIDesign method
19:55:38.175 [main] INFO  com.nagarro.nagp.appium.baseClass.BaseClass - androidUiDesignBtn button is clicked
19:55:38.263 [main] INFO  com.nagarro.nagp.appium.baseClass.BaseClass - Entered into clickPopUpSubMenu method
19:55:39.513 [main] INFO  com.nagarro.nagp.appium.baseClass.BaseClass - Going to click pop-up sub menu button
19:55:40.814 [main] INFO  com.nagarro.nagp.appium.baseClass.BaseClass - popup menu option is clicked
19:55:41.052 [main] INFO  com.nagarro.nagp.appium.baseClass.BaseClass - Entered into isPopUpOptionsDisplayed method
19:55:41.685 [main] INFO  com.nagarro.nagp.appium.baseClass.BaseClass - Both popup options are displayed
19:55:42.023 [main] INFO  com.nagarro.nagp.appium.baseClass.BaseClass - Entered into selectQuickActionMenuOption method
19:55:42.221 [main] INFO  com.nagarro.nagp.appium.baseClass.BaseClass - Going to click on quick action option
19:55:44.382 [main] INFO  com.nagarro.nagp.appium.baseClass.BaseClass - launching the emulator
19:55:46.683 [main] INFO  com.nagarro.nagp.appium.baseClass.BaseClass - Emulator is launched successfully with the given capabilities
19:55:52.175 [main] INFO  com.nagarro.nagp.appium.baseClass.BaseClass - Entered into selectAndroidUIDesign method
19:55:58.653 [main] INFO  com.nagarro.nagp.appium.baseClass.BaseClass - androidUiDesignBtn button is clicked
19:55:58.781 [main] INFO  com.nagarro.nagp.appium.baseClass.BaseClass - Entered into clickPopUpSubMenu method
20:03:14.778 [main] INFO  com.nagarro.nagp.appium.baseClass.BaseClass - launching the emulator
20:03:17.305 [main] INFO  com.nagarro.nagp.appium.baseClass.BaseClass - Emulator is launched successfully with the given capabilities
20:03:22.244 [main] INFO  com.nagarro.nagp.appium.baseClass.BaseClass - Entered into selectAndroidUIDesign method
20:03:28.548 [main] INFO  com.nagarro.nagp.appium.baseClass.BaseClass - androidUiDesignBtn button is clicked
20:03:28.625 [main] INFO  com.nagarro.nagp.appium.baseClass.BaseClass - Entered into clickAnimationSubMenu method
20:03:29.834 [main] INFO  com.nagarro.nagp.appium.baseClass.BaseClass - Going to click animation sub menu button
20:03:31.307 [main] INFO  com.nagarro.nagp.appium.baseClass.BaseClass - Entered into isFadeInAnimationsListDisplayed method
20:03:31.840 [main] INFO  com.nagarro.nagp.appium.baseClass.BaseClass - fade in animation button is displayed
20:03:31.919 [main] INFO  com.nagarro.nagp.appium.baseClass.BaseClass - Going to click fade in animation button
20:03:32.363 [main] INFO  com.nagarro.nagp.appium.baseClass.BaseClass - launching the emulator
20:03:34.727 [main] INFO  com.nagarro.nagp.appium.baseClass.BaseClass - Emulator is launched successfully with the given capabilities
20:03:40.367 [main] INFO  com.nagarro.nagp.appium.baseClass.BaseClass - Entered into isHomePageDisplayed method
20:03:46.895 [main] INFO  com.nagarro.nagp.appium.baseClass.BaseClass - welcome text message is displayed
20:03:47.308 [main] INFO  com.nagarro.nagp.appium.baseClass.BaseClass - launching the emulator
20:03:49.548 [main] INFO  com.nagarro.nagp.appium.baseClass.BaseClass - Emulator is launched successfully with the given capabilities
20:03:55.035 [main] INFO  com.nagarro.nagp.appium.baseClass.BaseClass - Entered into closeApp method
20:04:01.616 [main] INFO  com.nagarro.nagp.appium.baseClass.BaseClass - Going to click option button
20:04:01.722 [main] INFO  com.nagarro.nagp.appium.baseClass.BaseClass - option button is clicked
20:04:02.896 [main] INFO  com.nagarro.nagp.appium.baseClass.BaseClass - going to click on exit button  
20:04:03.768 [main] INFO  com.nagarro.nagp.appium.baseClass.BaseClass - exit  button is clicked
20:04:04.788 [main] INFO  com.nagarro.nagp.appium.baseClass.BaseClass - launching the emulator
20:04:07.056 [main] INFO  com.nagarro.nagp.appium.baseClass.BaseClass - Emulator is launched successfully with the given capabilities
20:04:12.493 [main] INFO  com.nagarro.nagp.appium.baseClass.BaseClass - Entered into selectAndroidUIDesign method
20:04:18.931 [main] INFO  com.nagarro.nagp.appium.baseClass.BaseClass - androidUiDesignBtn button is clicked
20:04:19.007 [main] INFO  com.nagarro.nagp.appium.baseClass.BaseClass - Entered into clickListViewSubMenu method
20:04:20.289 [main] INFO  com.nagarro.nagp.appium.baseClass.BaseClass - Going to click list view sub menu button
20:04:21.520 [main] INFO  com.nagarro.nagp.appium.baseClass.BaseClass - clicked list view sub menu button
20:04:21.520 [main] INFO  com.nagarro.nagp.appium.baseClass.BaseClass - Entered into isSearchableListViewDisplayed method
20:04:21.956 [main] INFO  com.nagarro.nagp.appium.baseClass.BaseClass - going to click searchable list view button
20:04:22.183 [main] INFO  com.nagarro.nagp.appium.baseClass.BaseClass -  searchable list view button is clicked
20:04:22.675 [main] INFO  com.nagarro.nagp.appium.baseClass.BaseClass - Entered into isAbleToSearchCountry method for :India
20:04:24.038 [main] INFO  com.nagarro.nagp.appium.baseClass.BaseClass - Going to click search country button
20:04:24.626 [main] INFO  com.nagarro.nagp.appium.baseClass.BaseClass - going to enter country name India
20:04:25.303 [main] INFO  com.nagarro.nagp.appium.baseClass.BaseClass - country name India is entered
20:04:26.326 [main] INFO  com.nagarro.nagp.appium.baseClass.BaseClass - Entered country India is same as expected
20:04:26.619 [main] INFO  com.nagarro.nagp.appium.baseClass.BaseClass - launching the emulator
20:04:28.903 [main] INFO  com.nagarro.nagp.appium.baseClass.BaseClass - Emulator is launched successfully with the given capabilities
20:04:35.215 [main] INFO  com.nagarro.nagp.appium.baseClass.BaseClass - Entered into selectAndroidUIDesign method
20:04:41.667 [main] INFO  com.nagarro.nagp.appium.baseClass.BaseClass - androidUiDesignBtn button is clicked
20:04:41.765 [main] INFO  com.nagarro.nagp.appium.baseClass.BaseClass - Entered into clickPopUpSubMenu method
20:04:43.254 [main] INFO  com.nagarro.nagp.appium.baseClass.BaseClass - Going to click pop-up sub menu button
20:04:44.681 [main] INFO  com.nagarro.nagp.appium.baseClass.BaseClass - popup menu option is clicked
20:04:44.947 [main] INFO  com.nagarro.nagp.appium.baseClass.BaseClass - Entered into isPopUpOptionsDisplayed method
20:04:45.508 [main] INFO  com.nagarro.nagp.appium.baseClass.BaseClass - Both popup options are displayed
20:04:45.813 [main] INFO  com.nagarro.nagp.appium.baseClass.BaseClass - Entered into selectQuickActionMenuOption method
20:04:46.003 [main] INFO  com.nagarro.nagp.appium.baseClass.BaseClass - Going to click on quick action option
20:04:46.134 [main] INFO  com.nagarro.nagp.appium.baseClass.BaseClass - clicked quick action
20:04:46.623 [main] INFO  com.nagarro.nagp.appium.baseClass.BaseClass - Entered into isBillaMenuItemDisplayed method
20:06:20.078 [main] INFO  com.nagarro.nagp.appium.baseClass.BaseClass - launching the emulator
20:06:22.307 [main] INFO  com.nagarro.nagp.appium.baseClass.BaseClass - Emulator is launched successfully with the given capabilities
20:06:27.706 [main] INFO  com.nagarro.nagp.appium.baseClass.BaseClass - Entered into selectAndroidUIDesign method
20:06:34.251 [main] INFO  com.nagarro.nagp.appium.baseClass.BaseClass - androidUiDesignBtn button is clicked
20:06:34.340 [main] INFO  com.nagarro.nagp.appium.baseClass.BaseClass - Entered into clickPopUpSubMenu method
20:06:35.563 [main] INFO  com.nagarro.nagp.appium.baseClass.BaseClass - Going to click pop-up sub menu button
20:06:36.796 [main] INFO  com.nagarro.nagp.appium.baseClass.BaseClass - popup menu option is clicked
20:06:36.997 [main] INFO  com.nagarro.nagp.appium.baseClass.BaseClass - Entered into isPopUpOptionsDisplayed method
20:06:37.668 [main] INFO  com.nagarro.nagp.appium.baseClass.BaseClass - Both popup options are displayed
20:06:37.945 [main] INFO  com.nagarro.nagp.appium.baseClass.BaseClass - Entered into selectPopUpMenuOption method
20:06:38.081 [main] INFO  com.nagarro.nagp.appium.baseClass.BaseClass - Going to click on pop-up option button
20:06:38.173 [main] INFO  com.nagarro.nagp.appium.baseClass.BaseClass - clicked on pop-up option 
20:06:38.449 [main] INFO  com.nagarro.nagp.appium.baseClass.BaseClass - Entered into isMusicPlayerItemsDisplayed method
